TN:
SF:/__w/sdk-nrf/sdk-nrf/ncs/modules/crypto/tinycrypt/lib/source/aes_decrypt.c
FN:62,tc_aes128_set_decrypt_key
FN:73,mult_row_column
FN:81,inv_mix_columns
FN:92,add_round_key
FN:104,inv_sub_bytes
FN:118,inv_shift_rows
FN:129,tc_aes_decrypt
FNDA:0,inv_sub_bytes
FNDA:0,tc_aes128_set_decrypt_key
FNDA:0,mult_row_column
FNDA:0,inv_mix_columns
FNDA:0,add_round_key
FNDA:0,tc_aes_decrypt
FNDA:0,inv_shift_rows
FNF:7
FNH:0
BRDA:108,0,0,-
BRDA:108,0,1,-
BRDA:134,0,0,-
BRDA:134,0,1,-
BRDA:136,0,0,-
BRDA:136,0,1,-
BRDA:138,0,0,-
BRDA:138,0,1,-
BRDA:146,0,0,-
BRDA:146,0,1,-
BRF:10
BRH:0
DA:62,0
DA:64,0
DA:73,0
DA:75,0
DA:76,0
DA:77,0
DA:78,0
DA:79,0
DA:81,0
DA:85,0
DA:86,0
DA:87,0
DA:88,0
DA:89,0
DA:90,0
DA:92,0
DA:94,0
DA:95,0
DA:96,0
DA:97,0
DA:98,0
DA:99,0
DA:100,0
DA:101,0
DA:102,0
DA:104,0
DA:108,0
DA:109,0
DA:111,0
DA:118,0
DA:122,0
DA:123,0
DA:124,0
DA:125,0
DA:126,0
DA:127,0
DA:129,0
DA:134,0
DA:135,0
DA:136,0
DA:137,0
DA:138,0
DA:139,0
DA:142,0
DA:144,0
DA:146,0
DA:147,0
DA:148,0
DA:149,0
DA:150,0
DA:153,0
DA:154,0
DA:155,0
DA:157,0
DA:160,0
DA:163,0
LF:56
LH:0
end_of_record
TN:
SF:/__w/sdk-nrf/sdk-nrf/ncs/modules/crypto/tinycrypt/lib/source/aes_encrypt.c
FN:62,rotword
FN:70,tc_aes128_set_encrypt_key
FN:101,add_round_key
FN:113,sub_bytes
FN:124,mult_row_column
FN:132,mix_columns
FN:147,shift_rows
FN:158,tc_aes_encrypt
FNDA:0,tc_aes128_set_encrypt_key
FNDA:0,shift_rows
FNDA:0,sub_bytes
FNDA:0,mult_row_column
FNDA:0,tc_aes_encrypt
FNDA:0,mix_columns
FNDA:0,rotword
FNDA:0,add_round_key
FNF:8
FNH:0
BRDA:79,0,0,-
BRDA:79,0,1,-
BRDA:81,0,0,-
BRDA:81,0,1,-
BRDA:85,0,0,-
BRDA:85,0,1,-
BRDA:90,0,0,-
BRDA:90,0,1,-
BRDA:92,0,0,-
BRDA:92,0,1,-
BRDA:117,0,0,-
BRDA:117,0,1,-
BRDA:163,0,0,-
BRDA:163,0,1,-
BRDA:165,0,0,-
BRDA:165,0,1,-
BRDA:167,0,0,-
BRDA:167,0,1,-
BRDA:174,0,0,-
BRDA:174,0,1,-
BRF:20
BRH:0
DA:62,0
DA:64,0
DA:70,0
DA:72,0
DA:79,0
DA:80,0
DA:81,0
DA:82,0
DA:85,0
DA:86,0
DA:87,0
DA:90,0
DA:91,0
DA:92,0
DA:93,0
DA:95,0
DA:98,0
DA:101,0
DA:103,0
DA:104,0
DA:105,0
DA:106,0
DA:107,0
DA:108,0
DA:109,0
DA:110,0
DA:111,0
DA:113,0
DA:117,0
DA:118,0
DA:120,0
DA:124,0
DA:126,0
DA:127,0
DA:128,0
DA:129,0
DA:130,0
DA:132,0
DA:136,0
DA:137,0
DA:138,0
DA:139,0
DA:140,0
DA:141,0
DA:147,0
DA:151,0
DA:152,0
DA:153,0
DA:154,0
DA:155,0
DA:156,0
DA:158,0
DA:163,0
DA:164,0
DA:165,0
DA:166,0
DA:167,0
DA:168,0
DA:171,0
DA:172,0
DA:174,0
DA:175,0
DA:176,0
DA:177,0
DA:178,0
DA:181,0
DA:182,0
DA:183,0
DA:185,0
DA:188,0
DA:190,0
LF:71
LH:0
end_of_record
TN:
SF:/__w/sdk-nrf/sdk-nrf/ncs/modules/crypto/tinycrypt/lib/source/cmac_mode.c
FN:78,gf_double
FN:97,tc_cmac_setup
FN:125,tc_cmac_erase
FN:137,tc_cmac_init
FN:157,tc_cmac_update
FN:222,tc_cmac_final
FNDA:0,gf_double
FNDA:0,tc_cmac_init
FNDA:0,tc_cmac_update
FNDA:0,tc_cmac_setup
FNDA:0,tc_cmac_final
FNDA:0,tc_cmac_erase
FNF:6
FNH:0
BRDA:85,0,0,-
BRDA:85,0,1,-
BRDA:90,0,0,-
BRDA:90,0,1,-
BRDA:101,0,0,-
BRDA:101,0,1,-
BRDA:101,0,2,-
BRDA:101,0,3,-
BRDA:127,0,0,-
BRDA:127,0,1,-
BRDA:140,0,0,-
BRDA:140,0,1,-
BRDA:162,0,0,-
BRDA:162,0,1,-
BRDA:165,0,0,-
BRDA:165,0,1,-
BRDA:168,0,0,-
BRDA:168,0,1,-
BRDA:172,0,0,-
BRDA:172,0,1,-
BRDA:178,0,0,-
BRDA:178,0,1,-
BRDA:182,0,0,-
BRDA:182,0,1,-
BRDA:197,0,0,-
BRDA:197,0,1,-
BRDA:204,0,0,-
BRDA:204,0,1,-
BRDA:205,0,0,-
BRDA:205,0,1,-
BRDA:213,0,0,-
BRDA:213,0,1,-
BRDA:228,0,0,-
BRDA:228,0,1,-
BRDA:228,0,2,-
BRDA:228,0,3,-
BRDA:233,0,0,-
BRDA:233,0,1,-
BRDA:244,0,0,-
BRDA:244,0,1,-
BRF:40
BRH:0
DA:78,0
DA:82,0
DA:85,0
DA:87,0
DA:89,0
DA:90,0
DA:91,0
DA:93,0
DA:95,0
DA:97,0
DA:101,0
DA:103,0
DA:107,0
DA:108,0
DA:111,0
DA:114,0
DA:115,0
DA:116,0
DA:117,0
DA:120,0
DA:122,0
DA:125,0
DA:127,0
DA:128,0
DA:132,0
DA:134,0
DA:137,0
DA:140,0
DA:141,0
DA:145,0
DA:148,0
DA:149,0
DA:152,0
DA:154,0
DA:157,0
DA:162,0
DA:163,0
DA:165,0
DA:166,0
DA:168,0
DA:169,0
DA:172,0
DA:173,0
DA:176,0
DA:178,0
DA:180,0
DA:182,0
DA:184,0
DA:185,0
DA:186,0
DA:189,0
DA:193,0
DA:194,0
DA:195,0
DA:197,0
DA:198,0
DA:200,0
DA:204,0
DA:205,0
DA:206,0
DA:208,0
DA:209,0
DA:210,0
DA:213,0
DA:215,0
DA:216,0
DA:219,0
DA:222,0
DA:228,0
DA:230,0
DA:233,0
DA:235,0
DA:238,0
DA:240,0
DA:241,0
DA:242,0
DA:244,0
DA:245,0
DA:248,0
DA:251,0
DA:253,0
LF:81
LH:0
end_of_record
TN:
SF:/__w/sdk-nrf/sdk-nrf/ncs/modules/crypto/tinycrypt/lib/source/hmac.c
FN:37,rekey
FN:52,tc_hmac_set_key
FN:95,tc_hmac_init
FN:109,tc_hmac_update
FN:124,tc_hmac_final
FNDA:0,rekey
FNDA:0,tc_hmac_update
FNDA:0,tc_hmac_final
FNDA:0,tc_hmac_init
FNDA:0,tc_hmac_set_key
FNF:5
FNH:0
BRDA:43,0,0,-
BRDA:43,0,1,-
BRDA:47,0,0,-
BRDA:47,0,1,-
BRDA:56,0,0,-
BRDA:56,0,1,-
BRDA:56,0,2,-
BRDA:56,0,3,-
BRDA:57,0,0,-
BRDA:57,0,1,-
BRDA:65,0,0,-
BRDA:65,0,1,-
BRDA:99,0,0,-
BRDA:99,0,1,-
BRDA:115,0,0,-
BRDA:115,0,1,-
BRDA:128,0,0,-
BRDA:128,0,1,-
BRDA:128,0,2,-
BRDA:128,0,3,-
BRDA:129,0,0,-
BRDA:129,0,1,-
BRF:22
BRH:0
DA:37,0
DA:39,0
DA:40,0
DA:43,0
DA:44,0
DA:45,0
DA:47,0
DA:48,0
DA:50,0
DA:52,0
DA:56,0
DA:57,0
DA:59,0
DA:65,0
DA:73,0
DA:74,0
DA:77,0
DA:81,0
DA:83,0
DA:84,0
DA:85,0
DA:87,0
DA:88,0
DA:92,0
DA:95,0
DA:99,0
DA:100,0
DA:103,0
DA:104,0
DA:106,0
DA:109,0
DA:115,0
DA:116,0
DA:119,0
DA:121,0
DA:124,0
DA:128,0
DA:129,0
DA:131,0
DA:134,0
DA:136,0
DA:137,0
DA:138,0
DA:140,0
DA:141,0
DA:144,0
DA:146,0
LF:47
LH:0
end_of_record
TN:
SF:/__w/sdk-nrf/sdk-nrf/ncs/modules/crypto/tinycrypt/lib/source/hmac_prng.c
FN:78,update
FN:130,tc_hmac_prng_init
FN:154,tc_hmac_prng_reseed
FN:192,tc_hmac_prng_generate
FNDA:0,update
FNDA:0,tc_hmac_prng_reseed
FNDA:0,tc_hmac_prng_init
FNDA:0,tc_hmac_prng_generate
FNF:4
FNH:0
BRDA:91,0,0,-
BRDA:91,0,1,-
BRDA:91,0,2,-
BRDA:91,0,3,-
BRDA:93,0,0,-
BRDA:93,0,1,-
BRDA:93,0,2,-
BRDA:93,0,3,-
BRDA:106,0,0,-
BRDA:106,0,1,-
BRDA:106,0,2,-
BRDA:106,0,3,-
BRDA:117,0,0,-
BRDA:117,0,1,-
BRDA:117,0,2,-
BRDA:117,0,3,-
BRDA:136,0,0,-
BRDA:136,0,1,-
BRDA:136,0,2,-
BRDA:136,0,3,-
BRDA:138,0,0,-
BRDA:138,0,1,-
BRDA:162,0,0,-
BRDA:162,0,1,-
BRDA:162,0,2,-
BRDA:162,0,3,-
BRDA:164,0,0,-
BRDA:164,0,1,-
BRDA:165,0,0,-
BRDA:165,0,1,-
BRDA:169,0,0,-
BRDA:169,0,1,-
BRDA:174,0,0,-
BRDA:174,0,1,-
BRDA:175,0,0,-
BRDA:175,0,1,-
BRDA:197,0,0,-
BRDA:197,0,1,-
BRDA:197,0,2,-
BRDA:197,0,3,-
BRDA:198,0,0,-
BRDA:198,0,1,-
BRDA:200,0,0,-
BRDA:200,0,1,-
BRDA:202,0,0,-
BRDA:202,0,1,-
BRDA:208,0,0,-
BRDA:208,0,1,-
BRF:48
BRH:0
DA:78,0
DA:80,0
DA:81,0
DA:84,0
DA:87,0
DA:88,0
DA:89,0
DA:91,0
DA:92,0
DA:93,0
DA:94,0
DA:96,0
DA:99,0
DA:102,0
DA:103,0
DA:104,0
DA:106,0
DA:107,0
DA:110,0
DA:113,0
DA:114,0
DA:115,0
DA:116,0
DA:117,0
DA:118,0
DA:119,0
DA:122,0
DA:125,0
DA:126,0
DA:127,0
DA:130,0
DA:136,0
DA:137,0
DA:138,0
DA:139,0
DA:143,0
DA:144,0
DA:146,0
DA:149,0
DA:151,0
DA:154,0
DA:162,0
DA:163,0
DA:164,0
DA:165,0
DA:166,0
DA:169,0
DA:174,0
DA:175,0
DA:176,0
DA:179,0
DA:183,0
DA:187,0
DA:189,0
DA:192,0
DA:197,0
DA:198,0
DA:199,0
DA:200,0
DA:201,0
DA:202,0
DA:203,0
DA:206,0
DA:208,0
DA:210,0
DA:213,0
DA:214,0
DA:215,0
DA:217,0
DA:219,0
DA:221,0
DA:222,0
DA:223,0
DA:227,0
DA:229,0
LF:75
LH:0
end_of_record
TN:
SF:/__w/sdk-nrf/sdk-nrf/ncs/modules/crypto/tinycrypt/lib/source/sha256.c
FN:39,tc_sha256_init
FN:65,tc_sha256_update
FN:87,tc_sha256_final
FN:157,ROTR
FN:170,BigEndian
FN:181,compress
FNDA:0,tc_sha256_update
FNDA:0,ROTR
FNDA:0,tc_sha256_final
FNDA:0,BigEndian
FNDA:0,tc_sha256_init
FNDA:0,compress
FNF:6
FNH:0
BRDA:42,0,0,-
BRDA:42,0,1,-
BRDA:68,0,0,-
BRDA:68,0,1,-
BRDA:68,0,2,-
BRDA:68,0,3,-
BRDA:71,0,0,-
BRDA:71,0,1,-
BRDA:75,0,0,-
BRDA:75,0,1,-
BRDA:77,0,0,-
BRDA:77,0,1,-
BRDA:92,0,0,-
BRDA:92,0,1,-
BRDA:92,0,2,-
BRDA:92,0,3,-
BRDA:100,0,0,-
BRDA:100,0,1,-
BRDA:124,0,0,-
BRDA:124,0,1,-
BRDA:193,0,0,-
BRDA:193,0,1,-
BRDA:202,0,0,-
BRDA:202,0,1,-
BRF:24
BRH:0
DA:39,0
DA:42,0
DA:43,0
DA:52,0
DA:53,0
DA:54,0
DA:55,0
DA:56,0
DA:57,0
DA:58,0
DA:59,0
DA:60,0
DA:62,0
DA:65,0
DA:68,0
DA:70,0
DA:71,0
DA:72,0
DA:75,0
DA:76,0
DA:77,0
DA:78,0
DA:79,0
DA:80,0
DA:84,0
DA:87,0
DA:92,0
DA:94,0
DA:97,0
DA:99,0
DA:100,0
DA:102,0
DA:103,0
DA:104,0
DA:105,0
DA:109,0
DA:110,0
DA:111,0
DA:112,0
DA:113,0
DA:114,0
DA:115,0
DA:116,0
DA:117,0
DA:118,0
DA:121,0
DA:124,0
DA:125,0
DA:126,0
DA:127,0
DA:128,0
DA:129,0
DA:133,0
DA:135,0
DA:157,0
DA:159,0
DA:170,0
DA:172,0
DA:174,0
DA:175,0
DA:176,0
DA:177,0
DA:178,0
DA:181,0
DA:190,0
DA:191,0
DA:193,0
DA:194,0
DA:195,0
DA:196,0
DA:197,0
DA:198,0
DA:199,0
DA:202,0
DA:203,0
DA:204,0
DA:205,0
DA:206,0
DA:208,0
DA:209,0
DA:210,0
DA:211,0
DA:212,0
DA:215,0
DA:216,0
DA:217,0
LF:86
LH:0
end_of_record
TN:
SF:/__w/sdk-nrf/sdk-nrf/ncs/modules/crypto/tinycrypt/lib/source/utils.c
FN:40,_copy
FN:51,_set
FN:59,_double_byte
FN:64,_compare
FNDA:0,_compare
FNDA:0,_double_byte
FNDA:0,_set
FNDA:0,_copy
FNF:4
FNH:0
BRDA:43,0,0,-
BRDA:43,0,1,-
BRDA:70,0,0,-
BRDA:70,0,1,-
BRF:4
BRH:0
DA:40,0
DA:43,0
DA:44,0
DA:45,0
DA:47,0
DA:51,0
DA:53,0
DA:54,0
DA:59,0
DA:61,0
DA:64,0
DA:66,0
DA:67,0
DA:68,0
DA:70,0
DA:71,0
DA:73,0
LF:17
LH:0
end_of_record
TN:
SF:/__w/sdk-nrf/sdk-nrf/ncs/modules/lib/cddl-gen/src/cbor_common.c
FN:19,new_backup
FN:41,process_backup
FN:78,union_start_code
FN:87,union_elem_code
FN:95,union_end_code
FN:103,new_state
FNDA:0,union_end_code
FNDA:4,new_state
FNDA:2,new_backup
FNDA:0,union_start_code
FNDA:0,union_elem_code
FNDA:2,process_backup
FNF:6
FNH:3
BRDA:21,0,0,2
BRDA:21,0,1,0
BRDA:22,0,0,0
BRDA:22,0,1,2
BRDA:47,0,0,2
BRDA:47,0,1,0
BRDA:47,0,2,0
BRDA:47,0,3,2
BRDA:51,0,0,2
BRDA:51,0,1,0
BRDA:60,0,0,2
BRDA:60,0,1,0
BRDA:64,0,0,0
BRDA:64,0,1,2
BRDA:70,0,0,2
BRDA:70,0,1,0
BRDA:80,0,0,-
BRDA:80,0,1,-
BRDA:89,0,0,-
BRDA:89,0,1,-
BRDA:97,0,0,-
BRDA:97,0,1,-
BRDA:110,0,0,4
BRDA:110,0,1,0
BRF:24
BRH:9
DA:19,2
DA:21,2
DA:22,2
DA:23,0
DA:26,2
DA:30,2
DA:32,2
DA:35,2
DA:37,2
DA:41,2
DA:44,2
DA:45,2
DA:47,2
DA:48,0
DA:51,2
DA:54,2
DA:56,2
DA:60,2
DA:61,2
DA:64,2
DA:67,0
DA:70,2
DA:71,2
DA:74,2
DA:78,0
DA:80,0
DA:81,0
DA:83,0
DA:87,0
DA:89,0
DA:90,0
DA:92,0
DA:95,0
DA:97,0
DA:98,0
DA:100,0
DA:103,4
DA:106,4
DA:107,4
DA:108,4
DA:109,4
DA:110,4
DA:112,4
DA:113,4
DA:114,4
DA:115,4
DA:117,4
LF:47
LH:32
end_of_record
TN:
SF:/__w/sdk-nrf/sdk-nrf/ncs/modules/lib/cddl-gen/src/cbor_decode.c
FN:17,additional_len
FN:90,value_extract
FN:137,int32_decode
FN:167,intx32_decode
FN:184,intx32_expect
FN:200,uint32_decode
FN:210,uintx32_decode
FN:225,uintx32_expect
FN:239,uintx32_expect_union
FN:246,strx_start_decode
FN:271,bstrx_cbor_start_decode
FN:286,bstrx_cbor_end_decode
FN:301,strx_decode
FN:314,strx_expect
FN:330,bstrx_decode
FN:336,bstrx_expect
FN:342,tstrx_decode
FN:348,tstrx_expect
FN:354,list_map_start_decode
FN:386,list_start_decode
FN:392,map_start_decode
FN:407,array_end_expect
FN:417,list_map_end_decode
FN:436,list_end_decode
FN:442,map_end_decode
FN:448,primx_decode
FN:466,primx_expect
FN:480,nilx_expect
FN:489,boolx_decode
FN:509,boolx_expect
FN:523,double_decode
FN:540,double_expect
FN:554,any_decode
FN:606,tag_decode
FN:623,tag_expect
FN:637,multi_decode
FN:668,present_decode
FNDA:3,tstrx_decode
FNDA:0,tstrx_expect
FNDA:0,strx_expect
FNDA:0,double_expect
FNDA:0,intx32_decode
FNDA:0,nilx_expect
FNDA:4,value_extract
FNDA:1,multi_decode
FNDA:4,strx_start_decode
FNDA:0,boolx_decode
FNDA:2,list_map_start_decode
FNDA:0,uintx32_expect
FNDA:0,map_end_decode
FNDA:0,boolx_expect
FNDA:4,uint32_decode
FNDA:0,any_decode
FNDA:0,additional_len
FNDA:1,bstrx_decode
FNDA:1,uintx32_decode
FNDA:0,bstrx_expect
FNDA:0,map_start_decode
FNDA:4,strx_decode
FNDA:2,list_start_decode
FNDA:0,int32_decode
FNDA:0,bstrx_cbor_start_decode
FNDA:0,intx32_expect
FNDA:0,double_decode
FNDA:0,primx_decode
FNDA:2,array_end_expect
FNDA:0,tag_decode
FNDA:0,primx_expect
FNDA:0,uintx32_expect_union
FNDA:0,bstrx_cbor_end_decode
FNDA:2,list_map_end_decode
FNDA:0,present_decode
FNDA:2,list_end_decode
FNDA:0,tag_expect
FNF:37
FNH:13
BRDA:19,0,0,-
BRDA:19,0,1,-
BRDA:19,0,2,-
BRDA:19,0,3,-
BRDA:97,0,0,4
BRDA:97,0,1,0
BRDA:97,0,2,4
BRDA:97,0,3,0
BRDA:97,0,4,0
BRDA:97,0,5,4
BRDA:108,0,0,4
BRDA:108,0,1,0
BRDA:117,0,0,-
BRDA:117,0,1,-
BRDA:118,0,0,-
BRDA:118,0,1,-
BRDA:124,0,0,-
BRDA:124,0,1,-
BRDA:139,0,0,-
BRDA:139,0,1,-
BRDA:144,0,0,-
BRDA:144,0,1,-
BRDA:149,0,0,-
BRDA:149,0,1,-
BRDA:154,0,0,-
BRDA:154,0,1,-
BRDA:169,0,0,-
BRDA:169,0,1,-
BRDA:172,0,0,-
BRDA:172,0,1,-
BRDA:173,0,0,-
BRDA:173,0,1,-
BRDA:178,0,0,-
BRDA:178,0,1,-
BRDA:188,0,0,-
BRDA:188,0,1,-
BRDA:192,0,0,-
BRDA:192,0,1,-
BRDA:202,0,0,0
BRDA:202,0,1,4
BRDA:212,0,0,0
BRDA:212,0,1,1
BRDA:215,0,0,0
BRDA:215,0,1,1
BRDA:219,0,0,0
BRDA:219,0,1,1
BRDA:229,0,0,-
BRDA:229,0,1,-
BRDA:232,0,0,-
BRDA:232,0,1,-
BRDA:249,0,0,0
BRDA:249,0,1,4
BRDA:252,0,0,1
BRDA:252,0,1,3
BRDA:256,0,0,0
BRDA:256,0,1,3
BRDA:260,0,0,0
BRDA:260,0,1,3
BRDA:273,0,0,-
BRDA:273,0,1,-
BRDA:277,0,0,-
BRDA:277,0,1,-
BRDA:288,0,0,-
BRDA:288,0,1,-
BRDA:291,0,0,-
BRDA:291,0,1,-
BRDA:304,0,0,1
BRDA:304,0,1,3
BRDA:319,0,0,-
BRDA:319,0,1,-
BRDA:322,0,0,-
BRDA:322,0,1,-
BRDA:323,0,0,-
BRDA:323,0,1,-
BRDA:357,0,0,0
BRDA:357,0,1,2
BRDA:361,0,0,0
BRDA:361,0,1,2
BRDA:365,0,0,2
BRDA:365,0,1,0
BRDA:370,0,0,-
BRDA:370,0,1,-
BRDA:372,0,0,-
BRDA:372,0,1,-
BRDA:378,0,0,0
BRDA:378,0,1,2
BRDA:396,0,0,-
BRDA:396,0,1,-
BRDA:396,0,2,-
BRDA:396,0,3,-
BRDA:397,0,0,-
BRDA:397,0,1,-
BRDA:409,0,0,0
BRDA:409,0,1,2
BRDA:410,0,0,0
BRDA:410,0,1,2
BRDA:420,0,0,2
BRDA:420,0,1,0
BRDA:421,0,0,0
BRDA:421,0,1,2
BRDA:426,0,0,0
BRDA:426,0,1,2
BRDA:450,0,0,-
BRDA:450,0,1,-
BRDA:453,0,0,-
BRDA:453,0,1,-
BRDA:457,0,0,-
BRDA:457,0,1,-
BRDA:460,0,0,-
BRDA:460,0,1,-
BRDA:470,0,0,-
BRDA:470,0,1,-
BRDA:473,0,0,-
BRDA:473,0,1,-
BRDA:482,0,0,-
BRDA:482,0,1,-
BRDA:493,0,0,-
BRDA:493,0,1,-
BRDA:499,0,0,-
BRDA:499,0,1,-
BRDA:513,0,0,-
BRDA:513,0,1,-
BRDA:516,0,0,-
BRDA:516,0,1,-
BRDA:525,0,0,-
BRDA:525,0,1,-
BRDA:528,0,0,-
BRDA:528,0,1,-
BRDA:532,0,0,-
BRDA:532,0,1,-
BRDA:544,0,0,-
BRDA:544,0,1,-
BRDA:547,0,0,-
BRDA:547,0,1,-
BRDA:559,0,0,-
BRDA:559,0,1,-
BRDA:566,0,0,-
BRDA:566,0,1,-
BRDA:572,0,0,-
BRDA:572,0,1,-
BRDA:572,0,2,-
BRDA:572,0,3,-
BRDA:576,0,0,-
BRDA:576,0,1,-
BRDA:588,0,0,-
BRDA:588,0,1,-
BRDA:608,0,0,-
BRDA:608,0,1,-
BRDA:611,0,0,-
BRDA:611,0,1,-
BRDA:615,0,0,-
BRDA:615,0,1,-
BRDA:627,0,0,-
BRDA:627,0,1,-
BRDA:630,0,0,-
BRDA:630,0,1,-
BRDA:645,0,0,3
BRDA:645,0,1,0
BRDA:649,0,0,1
BRDA:649,0,1,2
BRDA:654,0,0,0
BRDA:654,0,1,1
BRDA:675,0,0,-
BRDA:675,0,1,-
BRF:164
BRH:28
DA:17,0
DA:19,0
DA:25,0
DA:27,0
DA:90,4
DA:97,4
DA:101,4
DA:102,4
DA:104,4
DA:105,4
DA:107,4
DA:108,4
DA:112,4
DA:115,0
DA:117,0
DA:118,0
DA:124,0
DA:125,0
DA:129,0
DA:132,4
DA:133,4
DA:137,0
DA:139,0
DA:140,0
DA:144,0
DA:145,0
DA:149,0
DA:151,0
DA:154,0
DA:156,0
DA:158,0
DA:162,0
DA:163,0
DA:167,0
DA:169,0
DA:170,0
DA:172,0
DA:173,0
DA:175,0
DA:178,0
DA:179,0
DA:181,0
DA:184,0
DA:188,0
DA:189,0
DA:192,0
DA:194,0
DA:196,0
DA:200,4
DA:202,4
DA:203,0
DA:206,4
DA:210,1
DA:212,1
DA:213,1
DA:215,1
DA:217,0
DA:219,1
DA:220,0
DA:222,1
DA:225,0
DA:229,0
DA:230,0
DA:232,0
DA:234,0
DA:236,0
DA:239,0
DA:241,0
DA:242,0
DA:246,4
DA:249,4
DA:250,4
DA:252,4
DA:253,1
DA:256,3
DA:257,0
DA:260,3
DA:264,0
DA:267,3
DA:268,3
DA:271,0
DA:273,0
DA:274,0
DA:277,0
DA:278,0
DA:282,0
DA:283,0
DA:286,0
DA:288,0
DA:289,0
DA:291,0
DA:294,0
DA:297,0
DA:301,4
DA:304,4
DA:305,1
DA:309,3
DA:310,3
DA:314,0
DA:319,0
DA:320,0
DA:322,0
DA:323,0
DA:324,0
DA:326,0
DA:330,1
DA:332,1
DA:336,0
DA:338,0
DA:342,3
DA:344,3
DA:348,0
DA:350,0
DA:354,2
DA:357,2
DA:358,2
DA:361,2
DA:362,0
DA:365,2
DA:367,2
DA:368,2
DA:370,0
DA:371,0
DA:372,0
DA:374,0
DA:378,2
DA:379,0
DA:382,2
DA:386,2
DA:388,2
DA:392,0
DA:394,0
DA:396,0
DA:397,0
DA:399,0
DA:401,0
DA:403,0
DA:407,2
DA:409,2
DA:410,2
DA:412,2
DA:413,2
DA:417,2
DA:419,2
DA:420,2
DA:421,2
DA:422,0
DA:424,2
DA:426,2
DA:429,0
DA:432,2
DA:436,2
DA:438,2
DA:442,0
DA:444,0
DA:448,0
DA:450,0
DA:451,0
DA:453,0
DA:455,0
DA:457,0
DA:458,0
DA:460,0
DA:461,0
DA:463,0
DA:466,0
DA:470,0
DA:471,0
DA:473,0
DA:474,0
DA:476,0
DA:480,0
DA:482,0
DA:483,0
DA:485,0
DA:489,0
DA:493,0
DA:494,0
DA:497,0
DA:499,0
DA:500,0
DA:502,0
DA:505,0
DA:509,0
DA:513,0
DA:514,0
DA:516,0
DA:517,0
DA:519,0
DA:523,0
DA:525,0
DA:526,0
DA:528,0
DA:530,0
DA:532,0
DA:534,0
DA:536,0
DA:540,0
DA:544,0
DA:545,0
DA:547,0
DA:548,0
DA:550,0
DA:554,0
DA:559,0
DA:560,0
DA:566,0
DA:569,0
DA:572,0
DA:573,0
DA:576,0
DA:577,0
DA:579,0
DA:580,0
DA:581,0
DA:582,0
DA:584,0
DA:585,0
DA:586,0
DA:587,0
DA:588,0
DA:591,0
DA:592,0
DA:593,0
DA:595,0
DA:596,0
DA:597,0
DA:599,0
DA:602,0
DA:606,0
DA:608,0
DA:609,0
DA:611,0
DA:613,0
DA:615,0
DA:616,0
DA:618,0
DA:619,0
DA:623,0
DA:627,0
DA:628,0
DA:630,0
DA:631,0
DA:633,0
DA:637,1
DA:645,3
DA:646,3
DA:647,3
DA:649,3
DA:650,3
DA:651,1
DA:652,1
DA:653,1
DA:654,1
DA:655,0
DA:659,1
DA:663,0
DA:664,0
DA:668,0
DA:674,0
DA:675,0
DA:676,0
DA:678,0
LF:263
LH:74
end_of_record
TN:
SF:/__w/sdk-nrf/sdk-nrf/ncs/modules/lib/cddl-gen/src/cbor_encode.c
FN:17,log2ceil
FN:30,get_additional
FN:35,encode_header_byte
FN:50,value_encode_len
FN:81,get_result_len
FN:104,value_encode
FN:113,intx32_put
FN:133,intx32_encode
FN:139,uint32_encode
FN:149,uintx32_encode
FN:158,uintx32_put
FN:167,strx_start_encode
FN:183,primx_encode
FN:192,remaining_str_len
FN:200,bstrx_cbor_start_encode
FN:217,bstrx_cbor_end_encode
FN:237,strx_encode
FN:254,bstrx_encode
FN:260,tstrx_encode
FN:266,list_map_start_encode
FN:288,list_start_encode
FN:294,map_start_encode
FN:300,list_map_end_encode
FN:344,list_end_encode
FN:350,map_end_encode
FN:356,nilx_put
FN:363,boolx_encode
FN:372,boolx_put
FN:381,double_encode
FN:392,double_put
FN:398,any_encode
FN:404,tag_encode
FN:415,multi_encode
FN:436,present_encode
FNDA:0,present_encode
FNDA:0,bstrx_cbor_start_encode
FNDA:9,strx_start_encode
FNDA:0,primx_encode
FNDA:0,nilx_put
FNDA:0,log2ceil
FNDA:2,intx32_put
FNDA:0,bstrx_cbor_end_encode
FNDA:6,list_end_encode
FNDA:9,strx_encode
FNDA:1,uintx32_put
FNDA:0,boolx_put
FNDA:0,tag_encode
FNDA:24,encode_header_byte
FNDA:0,double_encode
FNDA:0,remaining_str_len
FNDA:0,uintx32_encode
FNDA:21,get_result_len
FNDA:6,tstrx_encode
FNDA:0,any_encode
FNDA:0,double_put
FNDA:0,map_end_encode
FNDA:6,list_map_end_encode
FNDA:10,uint32_encode
FNDA:0,boolx_encode
FNDA:6,list_map_start_encode
FNDA:12,value_encode_len
FNDA:1,multi_encode
FNDA:0,map_start_encode
FNDA:12,value_encode
FNDA:6,list_start_encode
FNDA:3,bstrx_encode
FNDA:12,get_additional
FNDA:0,intx32_encode
FNF:34
FNH:17
BRDA:19,0,0,-
BRDA:19,0,1,-
BRDA:19,0,2,-
BRDA:19,0,3,-
BRDA:19,0,4,-
BRDA:32,0,0,0
BRDA:32,0,1,12
BRDA:38,0,0,0
BRDA:38,0,1,24
BRDA:55,0,0,0
BRDA:55,0,1,12
BRDA:59,0,0,0
BRDA:59,0,1,12
BRDA:71,0,0,0
BRDA:71,0,1,12
BRDA:86,0,0,84
BRDA:86,0,1,0
BRDA:90,0,0,21
BRDA:90,0,1,63
BRDA:95,0,0,21
BRDA:95,0,1,0
BRDA:95,0,2,21
BRDA:95,0,3,0
BRDA:100,0,0,0
BRDA:100,0,1,21
BRDA:117,0,0,0
BRDA:117,0,1,2
BRDA:126,0,0,0
BRDA:126,0,1,2
BRDA:142,0,0,0
BRDA:142,0,1,10
BRDA:151,0,0,-
BRDA:151,0,1,-
BRDA:160,0,0,0
BRDA:160,0,1,1
BRDA:170,0,0,9
BRDA:170,0,1,0
BRDA:172,0,0,0
BRDA:172,0,1,9
BRDA:175,0,0,0
BRDA:175,0,1,9
BRDA:185,0,0,-
BRDA:185,0,1,-
BRDA:202,0,0,-
BRDA:202,0,1,-
BRDA:209,0,0,-
BRDA:209,0,1,-
BRDA:221,0,0,-
BRDA:221,0,1,-
BRDA:230,0,0,-
BRDA:230,0,1,-
BRDA:240,0,0,0
BRDA:240,0,1,9
BRDA:243,0,0,0
BRDA:243,0,1,9
BRDA:246,0,0,9
BRDA:246,0,1,0
BRDA:280,0,0,0
BRDA:280,0,1,6
BRDA:336,0,0,0
BRDA:336,0,1,6
BRDA:365,0,0,-
BRDA:365,0,1,-
BRDA:374,0,0,-
BRDA:374,0,1,-
BRDA:383,0,0,-
BRDA:383,0,1,-
BRDA:406,0,0,-
BRDA:406,0,1,-
BRDA:423,0,0,1
BRDA:423,0,1,0
BRDA:423,0,2,0
BRDA:423,0,3,1
BRDA:426,0,0,2
BRDA:426,0,1,1
BRDA:427,0,0,0
BRDA:427,0,1,2
BRF:77
BRH:28
DA:17,0
DA:19,0
DA:20,0
DA:21,0
DA:22,0
DA:23,0
DA:27,0
DA:30,12
DA:32,12
DA:35,24
DA:38,24
DA:39,0
DA:44,24
DA:45,24
DA:50,12
DA:53,12
DA:55,12
DA:56,0
DA:59,12
DA:60,12
DA:61,0
DA:63,12
DA:65,12
DA:71,12
DA:72,0
DA:76,12
DA:77,12
DA:81,21
DA:83,21
DA:84,21
DA:86,84
DA:90,84
DA:92,21
DA:95,21
DA:96,21
DA:100,21
DA:104,12
DA:108,12
DA:113,2
DA:117,2
DA:118,0
DA:120,0
DA:122,2
DA:123,2
DA:126,2
DA:127,0
DA:130,2
DA:133,0
DA:135,0
DA:139,10
DA:142,10
DA:143,0
DA:145,10
DA:149,0
DA:151,0
DA:152,0
DA:154,0
DA:158,1
DA:160,1
DA:161,0
DA:163,1
DA:167,9
DA:170,9
DA:171,9
DA:172,9
DA:173,0
DA:175,9
DA:176,0
DA:179,9
DA:183,0
DA:185,0
DA:186,0
DA:188,0
DA:192,0
DA:194,0
DA:195,0
DA:196,0
DA:200,0
DA:202,0
DA:203,0
DA:206,0
DA:209,0
DA:211,0
DA:213,0
DA:217,0
DA:219,0
DA:221,0
DA:222,0
DA:226,0
DA:227,0
DA:230,0
DA:231,0
DA:233,0
DA:237,9
DA:240,9
DA:241,0
DA:243,9
DA:244,0
DA:246,9
DA:247,9
DA:249,9
DA:250,9
DA:254,3
DA:256,3
DA:260,6
DA:262,6
DA:266,6
DA:280,6
DA:281,0
DA:284,6
DA:288,6
DA:290,6
DA:294,0
DA:296,0
DA:300,6
DA:336,6
DA:337,0
DA:340,6
DA:344,6
DA:346,6
DA:350,0
DA:352,0
DA:356,0
DA:359,0
DA:363,0
DA:365,0
DA:366,0
DA:368,0
DA:372,0
DA:374,0
DA:375,0
DA:377,0
DA:381,0
DA:383,0
DA:385,0
DA:388,0
DA:392,0
DA:394,0
DA:398,0
DA:400,0
DA:404,0
DA:406,0
DA:407,0
DA:409,0
DA:411,0
DA:415,1
DA:423,1
DA:424,0
DA:426,3
DA:427,2
DA:428,0
DA:432,1
DA:436,0
DA:441,0
DA:442,0
DA:443,0
LF:156
LH:71
end_of_record
TN:
SF:/__w/sdk-nrf/sdk-nrf/ncs/modules/lib/cjson/cJSON.c
FN:90,cJSON_GetErrorPtr
FN:95,cJSON_GetStringValue
FN:105,cJSON_GetNumberValue
FN:120,cJSON_Version
FN:129,case_insensitive_strcmp
FN:184,cJSON_strdup
FN:205,cJSON_InitHooks
FN:237,cJSON_New_Item
FN:249,cJSON_Delete
FN:273,get_decimal_point
FN:301,parse_number
FN:378,cJSON_SetNumberHelper
FN:396,cJSON_SetValuestring
FN:435,ensure
FN:523,update_offset
FN:536,compare_double
FN:543,print_number
FN:609,parse_hex4
FN:646,utf16_literal_to_utf8
FN:767,parse_string
FN:896,print_string_ptr
FN:1019,print_string
FN:1033,buffer_skip_whitespace
FN:1059,skip_utf8_bom
FN:1074,cJSON_ParseWithOpts
FN:1090,cJSON_ParseWithLengthOpts
FN:1170,cJSON_Parse
FN:1175,cJSON_ParseWithLength
FN:1182,print
FN:1247,cJSON_Print
FN:1252,cJSON_PrintUnformatted
FN:1257,cJSON_PrintBuffered
FN:1287,cJSON_PrintPreallocated
FN:1307,parse_value
FN:1362,print_value
FN:1442,parse_array
FN:1540,print_array
FN:1602,parse_object
FN:1715,print_object
FN:1829,cJSON_GetArraySize
FN:1852,get_array_item
FN:1871,cJSON_GetArrayItem
FN:1881,get_object_item
FN:1913,cJSON_GetObjectItem
FN:1918,cJSON_GetObjectItemCaseSensitive
FN:1923,cJSON_HasObjectItem
FN:1929,suffix_object
FN:1936,create_reference
FN:1957,add_item_to_array
FN:1991,cJSON_AddItemToArray
FN:2003,cast_away_const
FN:2012,add_item_to_object
FN:2049,cJSON_AddItemToObject
FN:2055,cJSON_AddItemToObjectCS
FN:2060,cJSON_AddItemReferenceToObjectCS
FN:2070,cJSON_AddNullToObjectCS
FN:2082,cJSON_AddTrueToObjectCS
FN:2094,cJSON_AddFalseToObjectCS
FN:2106,cJSON_AddBoolToObjectCS
FN:2118,cJSON_AddNumberToObjectCS
FN:2130,cJSON_AddStringToObjectCS
FN:2142,cJSON_AddRawToObjectCS
FN:2154,cJSON_AddObjectToObjectCS
FN:2166,cJSON_AddArrayToObjectCS
FN:2178,cJSON_AddItemReferenceToArray
FN:2188,cJSON_AddItemReferenceToObject
FN:2198,cJSON_AddNullToObject
FN:2210,cJSON_AddTrueToObject
FN:2222,cJSON_AddFalseToObject
FN:2234,cJSON_AddBoolToObject
FN:2246,cJSON_AddNumberToObject
FN:2258,cJSON_AddStringToObject
FN:2270,cJSON_AddRawToObject
FN:2282,cJSON_AddObjectToObject
FN:2294,cJSON_AddArrayToObject
FN:2306,cJSON_DetachItemViaPointer
FN:2342,cJSON_DetachItemFromArray
FN:2352,cJSON_DeleteItemFromArray
FN:2357,cJSON_DetachItemFromObject
FN:2364,cJSON_DetachItemFromObjectCaseSensitive
FN:2371,cJSON_DeleteItemFromObject
FN:2376,cJSON_DeleteItemFromObjectCaseSensitive
FN:2382,cJSON_InsertItemInArray
FN:2411,cJSON_ReplaceItemViaPointer
FN:2460,cJSON_ReplaceItemInArray
FN:2470,replace_item_in_object
FN:2488,cJSON_ReplaceItemInObject
FN:2493,cJSON_ReplaceItemInObjectCaseSensitive
FN:2499,cJSON_CreateNull
FN:2510,cJSON_CreateTrue
FN:2521,cJSON_CreateFalse
FN:2532,cJSON_CreateBool
FN:2543,cJSON_CreateNumber
FN:2569,cJSON_CreateString
FN:2586,cJSON_CreateStringReference
FN:2598,cJSON_CreateObjectReference
FN:2609,cJSON_CreateArrayReference
FN:2619,cJSON_CreateRaw
FN:2636,cJSON_CreateArray
FN:2647,cJSON_CreateObject
FN:2659,cJSON_CreateIntArray
FN:2695,cJSON_CreateFloatArray
FN:2732,cJSON_CreateDoubleArray
FN:2769,cJSON_CreateStringArray
FN:2807,cJSON_Duplicate
FN:2890,skip_oneline_comment
FN:2903,skip_multiline_comment
FN:2917,minify_string
FN:2939,cJSON_Minify
FN:2987,cJSON_IsInvalid
FN:2997,cJSON_IsFalse
FN:3007,cJSON_IsTrue
FN:3018,cJSON_IsBool
FN:3027,cJSON_IsNull
FN:3037,cJSON_IsNumber
FN:3047,cJSON_IsString
FN:3057,cJSON_IsArray
FN:3067,cJSON_IsObject
FN:3077,cJSON_IsRaw
FN:3087,cJSON_Compare
FN:3212,cJSON_malloc
FN:3217,cJSON_free
FNDA:4,cJSON_CreateBool
FNDA:0,cJSON_IsNull
FNDA:0,cJSON_AddFalseToObject
FNDA:342,print_number
FNDA:0,cJSON_AddTrueToObjectCS
FNDA:4,parse_array
FNDA:0,cJSON_AddNullToObject
FNDA:13,cJSON_IsString
FNDA:20,cJSON_ParseWithLengthOpts
FNDA:0,cJSON_AddNumberToObjectCS
FNDA:202,cJSON_CreateObject
FNDA:0,cJSON_AddBoolToObjectCS
FNDA:0,cJSON_IsFalse
FNDA:741,buffer_skip_whitespace
FNDA:2264,ensure
FNDA:4,cJSON_GetArrayItem
FNDA:1078,update_offset
FNDA:66,cJSON_AddItemToArray
FNDA:0,cJSON_CreateFalse
FNDA:0,cJSON_HasObjectItem
FNDA:88,cJSON_CreateString
FNDA:0,cJSON_DetachItemFromObject
FNDA:392,cJSON_Delete
FNDA:0,cJSON_DeleteItemFromArray
FNDA:0,cJSON_CreateStringReference
FNDA:0,cJSON_CreateTrue
FNDA:973,cJSON_New_Item
FNDA:0,cJSON_CreateDoubleArray
FNDA:85,get_object_item
FNDA:0,cJSON_AddFalseToObjectCS
FNDA:0,cJSON_IsBool
FNDA:0,cJSON_IsInvalid
FNDA:4,get_array_item
FNDA:0,cJSON_PrintBuffered
FNDA:0,cJSON_AddTrueToObject
FNDA:0,cJSON_AddNullToObjectCS
FNDA:188,parse_value
FNDA:22,cJSON_GetArraySize
FNDA:0,cJSON_AddBoolToObject
FNDA:0,cJSON_Minify
FNDA:0,cJSON_CreateRaw
FNDA:0,minify_string
FNDA:0,cJSON_DeleteItemFromObject
FNDA:48,cJSON_PrintUnformatted
FNDA:48,cJSON_IsArray
FNDA:0,cJSON_AddObjectToObjectCS
FNDA:0,cJSON_DeleteItemFromObjectCaseSensitive
FNDA:20,skip_utf8_bom
FNDA:0,skip_oneline_comment
FNDA:0,create_reference
FNDA:0,cJSON_AddRawToObject
FNDA:0,cJSON_AddObjectToObject
FNDA:207,parse_string
FNDA:56,cJSON_GetObjectItem
FNDA:29,cJSON_GetObjectItemCaseSensitive
FNDA:154,print_object
FNDA:0,replace_item_in_object
FNDA:1,cJSON_IsNumber
FNDA:2,cJSON_InitHooks
FNDA:0,cJSON_CreateObjectReference
FNDA:0,cJSON_Compare
FNDA:0,cJSON_AddItemToObjectCS
FNDA:0,cJSON_AddStringToObject
FNDA:0,cJSON_DetachItemFromArray
FNDA:596,print_value
FNDA:0,cJSON_AddItemReferenceToObject
FNDA:468,suffix_object
FNDA:0,cJSON_InsertItemInArray
FNDA:0,cast_away_const
FNDA:0,cJSON_AddItemReferenceToArray
FNDA:0,cJSON_Version
FNDA:0,cJSON_SetValuestring
FNDA:0,utf16_literal_to_utf8
FNDA:0,cJSON_ParseWithLength
FNDA:638,add_item_to_object
FNDA:0,cJSON_DetachItemFromObjectCaseSensitive
FNDA:0,cJSON_free
FNDA:60,print_string
FNDA:0,cJSON_AddRawToObjectCS
FNDA:0,cJSON_AddNumberToObject
FNDA:427,get_decimal_point
FNDA:0,cJSON_PrintPreallocated
FNDA:0,cJSON_CreateNull
FNDA:53,parse_object
FNDA:20,cJSON_Parse
FNDA:0,cJSON_DetachItemViaPointer
FNDA:20,cJSON_ParseWithOpts
FNDA:0,parse_hex4
FNDA:542,print_string_ptr
FNDA:0,cJSON_Print
FNDA:0,cJSON_AddArrayToObjectCS
FNDA:0,cJSON_GetErrorPtr
FNDA:40,cJSON_CreateArray
FNDA:342,compare_double
FNDA:638,cJSON_AddItemToObject
FNDA:0,skip_multiline_comment
FNDA:0,cJSON_ReplaceItemViaPointer
FNDA:36,print_array
FNDA:85,parse_number
FNDA:0,cJSON_CreateFloatArray
FNDA:726,cJSON_strdup
FNDA:0,cJSON_CreateIntArray
FNDA:0,cJSON_IsRaw
FNDA:0,cJSON_ReplaceItemInArray
FNDA:62,cJSON_IsObject
FNDA:48,print
FNDA:0,cJSON_AddStringToObjectCS
FNDA:0,cJSON_GetNumberValue
FNDA:0,cJSON_CreateStringArray
FNDA:0,cJSON_ReplaceItemInObject
FNDA:450,cJSON_CreateNumber
FNDA:704,add_item_to_array
FNDA:150,case_insensitive_strcmp
FNDA:0,cJSON_malloc
FNDA:0,cJSON_IsTrue
FNDA:0,cJSON_SetNumberHelper
FNDA:10,cJSON_GetStringValue
FNDA:0,cJSON_AddItemReferenceToObjectCS
FNDA:0,cJSON_CreateArrayReference
FNDA:0,cJSON_AddArrayToObject
FNDA:0,cJSON_ReplaceItemInObjectCaseSensitive
FNDA:0,cJSON_Duplicate
FNF:122
FNH:48
BRDA:97,0,0,3
BRDA:97,0,1,7
BRDA:107,0,0,-
BRDA:107,0,1,-
BRDA:131,0,0,150
BRDA:131,0,1,0
BRDA:131,0,2,0
BRDA:131,0,3,150
BRDA:136,0,0,0
BRDA:136,0,1,150
BRDA:141,0,0,252
BRDA:141,0,1,94
BRDA:143,0,0,56
BRDA:143,0,1,196
BRDA:189,0,0,0
BRDA:189,0,1,726
BRDA:196,0,0,0
BRDA:196,0,1,726
BRDA:207,0,0,0
BRDA:207,0,1,2
BRDA:217,0,0,2
BRDA:217,0,1,0
BRDA:223,0,0,2
BRDA:223,0,1,0
BRDA:230,0,0,0
BRDA:230,0,1,2
BRDA:230,0,2,0
BRDA:230,0,3,0
BRDA:240,0,0,973
BRDA:240,0,1,0
BRDA:252,0,0,973
BRDA:252,0,1,392
BRDA:255,0,0,973
BRDA:255,0,1,0
BRDA:255,0,2,289
BRDA:255,0,3,684
BRDA:259,0,0,973
BRDA:259,0,1,0
BRDA:259,0,2,130
BRDA:259,0,3,843
BRDA:263,0,0,973
BRDA:263,0,1,0
BRDA:263,0,2,802
BRDA:263,0,3,171
BRDA:309,0,0,85
BRDA:309,0,1,0
BRDA:309,0,2,0
BRDA:309,0,3,85
BRDA:317,0,0,0
BRDA:317,0,1,719
BRDA:317,0,2,0
BRDA:317,0,3,719
BRDA:317,0,4,719
BRDA:317,0,5,0
BRDA:319,0,0,608
BRDA:319,0,1,26
BRDA:319,0,2,85
BRDA:350,0,0,0
BRDA:350,0,1,85
BRDA:358,0,0,6
BRDA:358,0,1,79
BRDA:362,0,0,0
BRDA:362,0,1,79
BRDA:380,0,0,-
BRDA:380,0,1,-
BRDA:384,0,0,-
BRDA:384,0,1,-
BRDA:400,0,0,-
BRDA:400,0,1,-
BRDA:400,0,2,-
BRDA:400,0,3,-
BRDA:404,0,0,-
BRDA:404,0,1,-
BRDA:410,0,0,-
BRDA:410,0,1,-
BRDA:414,0,0,-
BRDA:414,0,1,-
BRDA:440,0,0,2264
BRDA:440,0,1,0
BRDA:440,0,2,0
BRDA:440,0,3,2264
BRDA:445,0,0,2264
BRDA:445,0,1,0
BRDA:445,0,2,0
BRDA:445,0,3,2264
BRDA:451,0,0,0
BRDA:451,0,1,2264
BRDA:458,0,0,1980
BRDA:458,0,1,284
BRDA:463,0,0,0
BRDA:463,0,1,284
BRDA:468,0,0,0
BRDA:468,0,1,284
BRDA:471,0,0,-
BRDA:471,0,1,-
BRDA:485,0,0,0
BRDA:485,0,1,284
BRDA:489,0,0,-
BRDA:489,0,1,-
BRDA:502,0,0,0
BRDA:502,0,1,284
BRDA:510,0,0,284
BRDA:510,0,1,0
BRDA:526,0,0,1078
BRDA:526,0,1,0
BRDA:526,0,2,0
BRDA:526,0,3,1078
BRDA:538,0,0,12
BRDA:538,0,1,330
BRDA:553,0,0,0
BRDA:553,0,1,342
BRDA:559,0,0,342
BRDA:559,0,1,0
BRDA:559,0,2,0
BRDA:559,0,3,342
BRDA:569,0,0,342
BRDA:569,0,1,0
BRDA:569,0,2,12
BRDA:569,0,3,330
BRDA:577,0,0,342
BRDA:577,0,1,0
BRDA:577,0,2,0
BRDA:577,0,3,342
BRDA:584,0,0,0
BRDA:584,0,1,342
BRDA:591,0,0,1786
BRDA:591,0,1,342
BRDA:593,0,0,26
BRDA:593,0,1,1760
BRDA:614,0,0,-
BRDA:614,0,1,-
BRDA:617,0,0,-
BRDA:617,0,1,-
BRDA:617,0,2,-
BRDA:617,0,3,-
BRDA:621,0,0,-
BRDA:621,0,1,-
BRDA:621,0,2,-
BRDA:621,0,3,-
BRDA:625,0,0,-
BRDA:625,0,1,-
BRDA:625,0,2,-
BRDA:625,0,3,-
BRDA:634,0,0,-
BRDA:634,0,1,-
BRDA:656,0,0,-
BRDA:656,0,1,-
BRDA:666,0,0,-
BRDA:666,0,1,-
BRDA:666,0,2,-
BRDA:666,0,3,-
BRDA:672,0,0,-
BRDA:672,0,1,-
BRDA:672,0,2,-
BRDA:672,0,3,-
BRDA:678,0,0,-
BRDA:678,0,1,-
BRDA:684,0,0,-
BRDA:684,0,1,-
BRDA:684,0,2,-
BRDA:684,0,3,-
BRDA:693,0,0,-
BRDA:693,0,1,-
BRDA:693,0,2,-
BRDA:693,0,3,-
BRDA:712,0,0,-
BRDA:712,0,1,-
BRDA:717,0,0,-
BRDA:717,0,1,-
BRDA:723,0,0,-
BRDA:723,0,1,-
BRDA:729,0,0,-
BRDA:729,0,1,-
BRDA:742,0,0,-
BRDA:742,0,1,-
BRDA:749,0,0,-
BRDA:749,0,1,-
BRDA:775,0,0,1
BRDA:775,0,1,206
BRDA:784,0,0,2592
BRDA:784,0,1,0
BRDA:784,0,2,2386
BRDA:784,0,3,206
BRDA:787,0,0,0
BRDA:787,0,1,2386
BRDA:789,0,0,-
BRDA:789,0,1,-
BRDA:799,0,0,206
BRDA:799,0,1,0
BRDA:799,0,2,0
BRDA:799,0,3,206
BRDA:807,0,0,0
BRDA:807,0,1,206
BRDA:815,0,0,2386
BRDA:815,0,1,206
BRDA:817,0,0,2386
BRDA:817,0,1,0
BRDA:825,0,0,-
BRDA:825,0,1,-
BRDA:830,0,0,-
BRDA:830,0,1,-
BRDA:830,0,2,-
BRDA:830,0,3,-
BRDA:830,0,4,-
BRDA:830,0,5,-
BRDA:830,0,6,-
BRDA:830,0,7,-
BRDA:856,0,0,-
BRDA:856,0,1,-
BRDA:882,0,0,0
BRDA:882,0,1,1
BRDA:887,0,0,1
BRDA:887,0,1,0
BRDA:906,0,0,0
BRDA:906,0,1,542
BRDA:912,0,0,0
BRDA:912,0,1,542
BRDA:915,0,0,-
BRDA:915,0,1,-
BRDA:925,0,0,2290
BRDA:925,0,1,542
BRDA:927,0,0,0
BRDA:927,0,1,2290
BRDA:940,0,0,0
BRDA:940,0,1,2290
BRDA:951,0,0,0
BRDA:951,0,1,542
BRDA:957,0,0,542
BRDA:957,0,1,0
BRDA:970,0,0,-
BRDA:970,0,1,-
BRDA:972,0,0,-
BRDA:972,0,1,-
BRDA:972,0,2,-
BRDA:972,0,3,-
BRDA:972,0,4,-
BRDA:972,0,5,-
BRDA:981,0,0,-
BRDA:981,0,1,-
BRDA:981,0,2,-
BRDA:981,0,3,-
BRDA:981,0,4,-
BRDA:981,0,5,-
BRDA:981,0,6,-
BRDA:981,0,7,-
BRDA:1035,0,0,741
BRDA:1035,0,1,0
BRDA:1035,0,2,0
BRDA:1035,0,3,741
BRDA:1040,0,0,741
BRDA:1040,0,1,0
BRDA:1040,0,2,0
BRDA:1040,0,3,741
BRDA:1045,0,0,743
BRDA:1045,0,1,0
BRDA:1045,0,2,743
BRDA:1045,0,3,0
BRDA:1045,0,4,2
BRDA:1045,0,5,741
BRDA:1050,0,0,0
BRDA:1050,0,1,741
BRDA:1061,0,0,20
BRDA:1061,0,1,0
BRDA:1061,0,2,20
BRDA:1061,0,3,0
BRDA:1061,0,4,0
BRDA:1061,0,5,20
BRDA:1066,0,0,20
BRDA:1066,0,1,0
BRDA:1066,0,2,20
BRDA:1066,0,3,0
BRDA:1066,0,4,0
BRDA:1066,0,5,20
BRDA:1078,0,0,0
BRDA:1078,0,1,20
BRDA:1099,0,0,20
BRDA:1099,0,1,0
BRDA:1099,0,2,0
BRDA:1099,0,3,20
BRDA:1110,0,0,0
BRDA:1110,0,1,20
BRDA:1115,0,0,1
BRDA:1115,0,1,19
BRDA:1122,0,0,0
BRDA:1122,0,1,19
BRDA:1125,0,0,-
BRDA:1125,0,1,-
BRDA:1125,0,2,-
BRDA:1125,0,3,-
BRDA:1130,0,0,0
BRDA:1130,0,1,19
BRDA:1138,0,0,1
BRDA:1138,0,1,0
BRDA:1143,0,0,1
BRDA:1143,0,1,0
BRDA:1149,0,0,1
BRDA:1149,0,1,0
BRDA:1153,0,0,-
BRDA:1153,0,1,-
BRDA:1158,0,0,0
BRDA:1158,0,1,1
BRDA:1195,0,0,0
BRDA:1195,0,1,48
BRDA:1201,0,0,0
BRDA:1201,0,1,48
BRDA:1208,0,0,0
BRDA:1208,0,1,48
BRDA:1211,0,0,-
BRDA:1211,0,1,-
BRDA:1219,0,0,0
BRDA:1219,0,1,48
BRDA:1233,0,0,-
BRDA:1233,0,1,-
BRDA:1238,0,0,-
BRDA:1238,0,1,-
BRDA:1261,0,0,-
BRDA:1261,0,1,-
BRDA:1267,0,0,-
BRDA:1267,0,1,-
BRDA:1278,0,0,-
BRDA:1278,0,1,-
BRDA:1291,0,0,-
BRDA:1291,0,1,-
BRDA:1291,0,2,-
BRDA:1291,0,3,-
BRDA:1309,0,0,188
BRDA:1309,0,1,0
BRDA:1309,0,2,0
BRDA:1309,0,3,188
BRDA:1316,0,0,188
BRDA:1316,0,1,0
BRDA:1316,0,2,188
BRDA:1316,0,3,0
BRDA:1316,0,4,0
BRDA:1316,0,5,188
BRDA:1323,0,0,188
BRDA:1323,0,1,0
BRDA:1323,0,2,186
BRDA:1323,0,3,2
BRDA:1323,0,4,4
BRDA:1323,0,5,182
BRDA:1330,0,0,184
BRDA:1330,0,1,0
BRDA:1330,0,2,184
BRDA:1330,0,3,0
BRDA:1330,0,4,0
BRDA:1330,0,5,184
BRDA:1338,0,0,184
BRDA:1338,0,1,0
BRDA:1338,0,2,184
BRDA:1338,0,3,0
BRDA:1338,0,4,42
BRDA:1338,0,5,142
BRDA:1343,0,0,142
BRDA:1343,0,1,0
BRDA:1343,0,2,142
BRDA:1343,0,3,0
BRDA:1343,0,4,140
BRDA:1343,0,5,2
BRDA:1343,0,6,140
BRDA:1343,0,7,0
BRDA:1343,0,8,83
BRDA:1343,0,9,57
BRDA:1348,0,0,57
BRDA:1348,0,1,0
BRDA:1348,0,2,57
BRDA:1348,0,3,0
BRDA:1348,0,4,4
BRDA:1348,0,5,53
BRDA:1353,0,0,53
BRDA:1353,0,1,0
BRDA:1353,0,2,53
BRDA:1353,0,3,0
BRDA:1353,0,4,53
BRDA:1353,0,5,0
BRDA:1366,0,0,596
BRDA:1366,0,1,0
BRDA:1366,0,2,0
BRDA:1366,0,3,596
BRDA:1371,0,0,0
BRDA:1371,0,1,4
BRDA:1371,0,2,0
BRDA:1371,0,3,342
BRDA:1371,0,4,0
BRDA:1371,0,5,60
BRDA:1371,0,6,36
BRDA:1371,0,7,154
BRDA:1371,0,8,0
BRDA:1377,0,0,-
BRDA:1377,0,1,-
BRDA:1388,0,0,0
BRDA:1388,0,1,4
BRDA:1399,0,0,-
BRDA:1399,0,1,-
BRDA:1412,0,0,-
BRDA:1412,0,1,-
BRDA:1419,0,0,-
BRDA:1419,0,1,-
BRDA:1447,0,0,0
BRDA:1447,0,1,4
BRDA:1453,0,0,0
BRDA:1453,0,1,4
BRDA:1461,0,0,4
BRDA:1461,0,1,0
BRDA:1461,0,2,4
BRDA:1461,0,3,0
BRDA:1461,0,4,2
BRDA:1461,0,5,2
BRDA:1468,0,0,2
BRDA:1468,0,1,0
BRDA:1468,0,2,0
BRDA:1468,0,3,2
BRDA:1481,0,0,0
BRDA:1481,0,1,4
BRDA:1487,0,0,2
BRDA:1487,0,1,2
BRDA:1503,0,0,0
BRDA:1503,0,1,4
BRDA:1509,0,0,4
BRDA:1509,0,1,0
BRDA:1509,0,2,4
BRDA:1509,0,3,0
BRDA:1509,0,4,2
BRDA:1509,0,5,2
BRDA:1511,0,0,2
BRDA:1511,0,1,0
BRDA:1511,0,2,2
BRDA:1511,0,3,0
BRDA:1511,0,4,0
BRDA:1511,0,5,2
BRDA:1519,0,0,2
BRDA:1519,0,1,2
BRDA:1531,0,0,-
BRDA:1531,0,1,-
BRDA:1546,0,0,0
BRDA:1546,0,1,36
BRDA:1554,0,0,0
BRDA:1554,0,1,36
BRDA:1563,0,0,66
BRDA:1563,0,1,36
BRDA:1565,0,0,0
BRDA:1565,0,1,66
BRDA:1570,0,0,32
BRDA:1570,0,1,34
BRDA:1572,0,0,0
BRDA:1572,0,1,32
BRDA:1574,0,0,0
BRDA:1574,0,1,32
BRDA:1579,0,0,0
BRDA:1579,0,1,32
BRDA:1590,0,0,0
BRDA:1590,0,1,36
BRDA:1607,0,0,0
BRDA:1607,0,1,53
BRDA:1613,0,0,53
BRDA:1613,0,1,0
BRDA:1613,0,2,53
BRDA:1613,0,3,0
BRDA:1613,0,4,0
BRDA:1613,0,5,53
BRDA:1620,0,0,53
BRDA:1620,0,1,0
BRDA:1620,0,2,53
BRDA:1620,0,3,0
BRDA:1620,0,4,0
BRDA:1620,0,5,53
BRDA:1626,0,0,53
BRDA:1626,0,1,0
BRDA:1626,0,2,0
BRDA:1626,0,3,53
BRDA:1639,0,0,0
BRDA:1639,0,1,165
BRDA:1645,0,0,53
BRDA:1645,0,1,112
BRDA:1661,0,0,1
BRDA:1661,0,1,164
BRDA:1671,0,0,164
BRDA:1671,0,1,0
BRDA:1671,0,2,164
BRDA:1671,0,3,0
BRDA:1671,0,4,0
BRDA:1671,0,5,164
BRDA:1679,0,0,1
BRDA:1679,0,1,163
BRDA:1685,0,0,163
BRDA:1685,0,1,0
BRDA:1685,0,2,163
BRDA:1685,0,3,0
BRDA:1685,0,4,112
BRDA:1685,0,5,51
BRDA:1687,0,0,51
BRDA:1687,0,1,0
BRDA:1687,0,2,51
BRDA:1687,0,3,0
BRDA:1687,0,4,0
BRDA:1687,0,5,51
BRDA:1695,0,0,51
BRDA:1695,0,1,0
BRDA:1706,0,0,2
BRDA:1706,0,1,0
BRDA:1721,0,0,0
BRDA:1721,0,1,154
BRDA:1727,0,0,0
BRDA:1727,0,1,154
BRDA:1729,0,0,0
BRDA:1729,0,1,154
BRDA:1736,0,0,0
BRDA:1736,0,1,154
BRDA:1742,0,0,482
BRDA:1742,0,1,154
BRDA:1744,0,0,0
BRDA:1744,0,1,482
BRDA:1748,0,0,-
BRDA:1748,0,1,-
BRDA:1752,0,0,-
BRDA:1752,0,1,-
BRDA:1760,0,0,0
BRDA:1760,0,1,482
BRDA:1766,0,0,0
BRDA:1766,0,1,482
BRDA:1768,0,0,0
BRDA:1768,0,1,482
BRDA:1773,0,0,0
BRDA:1773,0,1,482
BRDA:1780,0,0,0
BRDA:1780,0,1,482
BRDA:1787,0,0,0
BRDA:1787,0,1,482
BRDA:1787,0,2,328
BRDA:1787,0,3,154
BRDA:1789,0,0,0
BRDA:1789,0,1,482
BRDA:1793,0,0,328
BRDA:1793,0,1,154
BRDA:1798,0,0,0
BRDA:1798,0,1,482
BRDA:1808,0,0,0
BRDA:1808,0,1,154
BRDA:1809,0,0,0
BRDA:1809,0,1,154
BRDA:1813,0,0,0
BRDA:1813,0,1,154
BRDA:1816,0,0,-
BRDA:1816,0,1,-
BRDA:1834,0,0,0
BRDA:1834,0,1,22
BRDA:1841,0,0,56
BRDA:1841,0,1,22
BRDA:1856,0,0,0
BRDA:1856,0,1,4
BRDA:1862,0,0,6
BRDA:1862,0,1,0
BRDA:1862,0,2,2
BRDA:1862,0,3,4
BRDA:1873,0,0,0
BRDA:1873,0,1,4
BRDA:1885,0,0,85
BRDA:1885,0,1,0
BRDA:1885,0,2,0
BRDA:1885,0,3,85
BRDA:1891,0,0,29
BRDA:1891,0,1,56
BRDA:1893,0,0,86
BRDA:1893,0,1,6
BRDA:1893,0,2,86
BRDA:1893,0,3,0
BRDA:1893,0,4,63
BRDA:1893,0,5,23
BRDA:1900,0,0,150
BRDA:1900,0,1,0
BRDA:1900,0,2,94
BRDA:1900,0,3,56
BRDA:1906,0,0,79
BRDA:1906,0,1,6
BRDA:1906,0,2,0
BRDA:1906,0,3,79
BRDA:1939,0,0,-
BRDA:1939,0,1,-
BRDA:1945,0,0,-
BRDA:1945,0,1,-
BRDA:1961,0,0,704
BRDA:1961,0,1,0
BRDA:1961,0,2,704
BRDA:1961,0,3,0
BRDA:1961,0,4,0
BRDA:1961,0,5,704
BRDA:1970,0,0,236
BRDA:1970,0,1,468
BRDA:1980,0,0,468
BRDA:1980,0,1,0
BRDA:2017,0,0,638
BRDA:2017,0,1,0
BRDA:2017,0,2,638
BRDA:2017,0,3,0
BRDA:2017,0,4,638
BRDA:2017,0,5,0
BRDA:2017,0,6,0
BRDA:2017,0,7,638
BRDA:2022,0,0,0
BRDA:2022,0,1,638
BRDA:2030,0,0,0
BRDA:2030,0,1,638
BRDA:2038,0,0,638
BRDA:2038,0,1,0
BRDA:2038,0,2,0
BRDA:2038,0,3,638
BRDA:2062,0,0,-
BRDA:2062,0,1,-
BRDA:2062,0,2,-
BRDA:2062,0,3,-
BRDA:2073,0,0,-
BRDA:2073,0,1,-
BRDA:2085,0,0,-
BRDA:2085,0,1,-
BRDA:2097,0,0,-
BRDA:2097,0,1,-
BRDA:2109,0,0,-
BRDA:2109,0,1,-
BRDA:2121,0,0,-
BRDA:2121,0,1,-
BRDA:2133,0,0,-
BRDA:2133,0,1,-
BRDA:2145,0,0,-
BRDA:2145,0,1,-
BRDA:2157,0,0,-
BRDA:2157,0,1,-
BRDA:2169,0,0,-
BRDA:2169,0,1,-
BRDA:2180,0,0,-
BRDA:2180,0,1,-
BRDA:2190,0,0,-
BRDA:2190,0,1,-
BRDA:2190,0,2,-
BRDA:2190,0,3,-
BRDA:2201,0,0,-
BRDA:2201,0,1,-
BRDA:2213,0,0,-
BRDA:2213,0,1,-
BRDA:2225,0,0,-
BRDA:2225,0,1,-
BRDA:2237,0,0,-
BRDA:2237,0,1,-
BRDA:2249,0,0,-
BRDA:2249,0,1,-
BRDA:2261,0,0,-
BRDA:2261,0,1,-
BRDA:2273,0,0,-
BRDA:2273,0,1,-
BRDA:2285,0,0,-
BRDA:2285,0,1,-
BRDA:2297,0,0,-
BRDA:2297,0,1,-
BRDA:2308,0,0,-
BRDA:2308,0,1,-
BRDA:2308,0,2,-
BRDA:2308,0,3,-
BRDA:2313,0,0,-
BRDA:2313,0,1,-
BRDA:2318,0,0,-
BRDA:2318,0,1,-
BRDA:2324,0,0,-
BRDA:2324,0,1,-
BRDA:2329,0,0,-
BRDA:2329,0,1,-
BRDA:2344,0,0,-
BRDA:2344,0,1,-
BRDA:2386,0,0,-
BRDA:2386,0,1,-
BRDA:2392,0,0,-
BRDA:2392,0,1,-
BRDA:2400,0,0,-
BRDA:2400,0,1,-
BRDA:2413,0,0,-
BRDA:2413,0,1,-
BRDA:2413,0,2,-
BRDA:2413,0,3,-
BRDA:2413,0,4,-
BRDA:2413,0,5,-
BRDA:2418,0,0,-
BRDA:2418,0,1,-
BRDA:2426,0,0,-
BRDA:2426,0,1,-
BRDA:2430,0,0,-
BRDA:2430,0,1,-
BRDA:2432,0,0,-
BRDA:2432,0,1,-
BRDA:2443,0,0,-
BRDA:2443,0,1,-
BRDA:2447,0,0,-
BRDA:2447,0,1,-
BRDA:2462,0,0,-
BRDA:2462,0,1,-
BRDA:2472,0,0,-
BRDA:2472,0,1,-
BRDA:2472,0,2,-
BRDA:2472,0,3,-
BRDA:2478,0,0,-
BRDA:2478,0,1,-
BRDA:2478,0,2,-
BRDA:2478,0,3,-
BRDA:2502,0,0,-
BRDA:2502,0,1,-
BRDA:2513,0,0,-
BRDA:2513,0,1,-
BRDA:2524,0,0,-
BRDA:2524,0,1,-
BRDA:2535,0,0,4
BRDA:2535,0,1,0
BRDA:2537,0,0,0
BRDA:2537,0,1,4
BRDA:2546,0,0,450
BRDA:2546,0,1,0
BRDA:2552,0,0,94
BRDA:2552,0,1,356
BRDA:2556,0,0,0
BRDA:2556,0,1,356
BRDA:2572,0,0,88
BRDA:2572,0,1,0
BRDA:2576,0,0,0
BRDA:2576,0,1,88
BRDA:2589,0,0,-
BRDA:2589,0,1,-
BRDA:2601,0,0,-
BRDA:2601,0,1,-
BRDA:2611,0,0,-
BRDA:2611,0,1,-
BRDA:2622,0,0,-
BRDA:2622,0,1,-
BRDA:2626,0,0,-
BRDA:2626,0,1,-
BRDA:2639,0,0,40
BRDA:2639,0,1,0
BRDA:2650,0,0,202
BRDA:2650,0,1,0
BRDA:2666,0,0,-
BRDA:2666,0,1,-
BRDA:2666,0,2,-
BRDA:2666,0,3,-
BRDA:2672,0,0,-
BRDA:2672,0,1,-
BRDA:2672,0,2,-
BRDA:2672,0,3,-
BRDA:2675,0,0,-
BRDA:2675,0,1,-
BRDA:2680,0,0,-
BRDA:2680,0,1,-
BRDA:2702,0,0,-
BRDA:2702,0,1,-
BRDA:2702,0,2,-
BRDA:2702,0,3,-
BRDA:2709,0,0,-
BRDA:2709,0,1,-
BRDA:2709,0,2,-
BRDA:2709,0,3,-
BRDA:2712,0,0,-
BRDA:2712,0,1,-
BRDA:2717,0,0,-
BRDA:2717,0,1,-
BRDA:2739,0,0,-
BRDA:2739,0,1,-
BRDA:2739,0,2,-
BRDA:2739,0,3,-
BRDA:2746,0,0,-
BRDA:2746,0,1,-
BRDA:2746,0,2,-
BRDA:2746,0,3,-
BRDA:2749,0,0,-
BRDA:2749,0,1,-
BRDA:2754,0,0,-
BRDA:2754,0,1,-
BRDA:2776,0,0,-
BRDA:2776,0,1,-
BRDA:2776,0,2,-
BRDA:2776,0,3,-
BRDA:2783,0,0,-
BRDA:2783,0,1,-
BRDA:2783,0,2,-
BRDA:2783,0,3,-
BRDA:2786,0,0,-
BRDA:2786,0,1,-
BRDA:2791,0,0,-
BRDA:2791,0,1,-
BRDA:2815,0,0,-
BRDA:2815,0,1,-
BRDA:2821,0,0,-
BRDA:2821,0,1,-
BRDA:2829,0,0,-
BRDA:2829,0,1,-
BRDA:2832,0,0,-
BRDA:2832,0,1,-
BRDA:2837,0,0,-
BRDA:2837,0,1,-
BRDA:2839,0,0,-
BRDA:2839,0,1,-
BRDA:2840,0,0,-
BRDA:2840,0,1,-
BRDA:2846,0,0,-
BRDA:2846,0,1,-
BRDA:2852,0,0,-
BRDA:2852,0,1,-
BRDA:2855,0,0,-
BRDA:2855,0,1,-
BRDA:2859,0,0,-
BRDA:2859,0,1,-
BRDA:2874,0,0,-
BRDA:2874,0,1,-
BRDA:2874,0,2,-
BRDA:2874,0,3,-
BRDA:2882,0,0,-
BRDA:2882,0,1,-
BRDA:2894,0,0,-
BRDA:2894,0,1,-
BRDA:2896,0,0,-
BRDA:2896,0,1,-
BRDA:2907,0,0,-
BRDA:2907,0,1,-
BRDA:2909,0,0,-
BRDA:2909,0,1,-
BRDA:2909,0,2,-
BRDA:2909,0,3,-
BRDA:2923,0,0,-
BRDA:2923,0,1,-
BRDA:2926,0,0,-
BRDA:2926,0,1,-
BRDA:2931,0,0,-
BRDA:2931,0,1,-
BRDA:2931,0,2,-
BRDA:2931,0,3,-
BRDA:2943,0,0,-
BRDA:2943,0,1,-
BRDA:2948,0,0,-
BRDA:2948,0,1,-
BRDA:2950,0,0,-
BRDA:2950,0,1,-
BRDA:2950,0,2,-
BRDA:2950,0,3,-
BRDA:2960,0,0,-
BRDA:2960,0,1,-
BRDA:2964,0,0,-
BRDA:2964,0,1,-
BRDA:2989,0,0,-
BRDA:2989,0,1,-
BRDA:2999,0,0,-
BRDA:2999,0,1,-
BRDA:3009,0,0,-
BRDA:3009,0,1,-
BRDA:3020,0,0,-
BRDA:3020,0,1,-
BRDA:3029,0,0,-
BRDA:3029,0,1,-
BRDA:3039,0,0,0
BRDA:3039,0,1,1
BRDA:3049,0,0,4
BRDA:3049,0,1,9
BRDA:3059,0,0,0
BRDA:3059,0,1,48
BRDA:3069,0,0,15
BRDA:3069,0,1,47
BRDA:3079,0,0,-
BRDA:3079,0,1,-
BRDA:3089,0,0,-
BRDA:3089,0,1,-
BRDA:3089,0,2,-
BRDA:3089,0,3,-
BRDA:3089,0,4,-
BRDA:3089,0,5,-
BRDA:3089,0,6,-
BRDA:3089,0,7,-
BRDA:3095,0,0,-
BRDA:3095,0,1,-
BRDA:3112,0,0,-
BRDA:3112,0,1,-
BRDA:3117,0,0,-
BRDA:3117,0,1,-
BRDA:3117,0,2,-
BRDA:3117,0,3,-
BRDA:3117,0,4,-
BRDA:3117,0,5,-
BRDA:3126,0,0,-
BRDA:3126,0,1,-
BRDA:3134,0,0,-
BRDA:3134,0,1,-
BRDA:3134,0,2,-
BRDA:3134,0,3,-
BRDA:3138,0,0,-
BRDA:3138,0,1,-
BRDA:3150,0,0,-
BRDA:3150,0,1,-
BRDA:3150,0,2,-
BRDA:3150,0,3,-
BRDA:3152,0,0,-
BRDA:3152,0,1,-
BRDA:3162,0,0,-
BRDA:3162,0,1,-
BRDA:3173,0,0,-
BRDA:3173,0,1,-
BRDA:3173,0,2,-
BRDA:3173,0,3,-
BRDA:3177,0,0,-
BRDA:3177,0,1,-
BRDA:3182,0,0,-
BRDA:3182,0,1,-
BRDA:3190,0,0,-
BRDA:3190,0,1,-
BRDA:3190,0,2,-
BRDA:3190,0,3,-
BRDA:3193,0,0,-
BRDA:3193,0,1,-
BRDA:3198,0,0,-
BRDA:3198,0,1,-
BRF:910
BRH:295
DA:90,0
DA:92,0
DA:95,10
DA:97,10
DA:99,3
DA:102,7
DA:105,0
DA:107,0
DA:109,0
DA:112,0
DA:120,0
DA:123,0
DA:125,0
DA:129,150
DA:131,150
DA:133,0
DA:136,150
DA:138,0
DA:141,346
DA:143,252
DA:145,56
DA:149,94
DA:184,726
DA:186,726
DA:187,726
DA:189,726
DA:191,0
DA:194,726
DA:195,726
DA:196,726
DA:198,0
DA:200,726
DA:202,726
DA:205,2
DA:207,2
DA:210,0
DA:211,0
DA:212,0
DA:213,0
DA:216,2
DA:217,2
DA:219,2
DA:222,2
DA:223,2
DA:225,2
DA:229,2
DA:230,2
DA:232,0
DA:237,973
DA:239,973
DA:240,973
DA:242,973
DA:245,973
DA:249,392
DA:251,392
DA:252,1365
DA:254,973
DA:255,973
DA:257,289
DA:259,973
DA:261,130
DA:263,973
DA:265,802
DA:267,973
DA:268,973
DA:270,392
DA:273,427
DA:279,427
DA:301,85
DA:303,85
DA:304,85
DA:306,85
DA:307,85
DA:309,85
DA:311,0
DA:317,719
DA:319,719
DA:321,608
DA:335,608
DA:336,608
DA:338,26
DA:339,26
DA:340,26
DA:342,85
DA:343,85
DA:346,0
DA:347,85
DA:349,85
DA:350,85
DA:352,0
DA:355,85
DA:358,85
DA:360,6
DA:362,79
DA:364,0
DA:368,79
DA:371,85
DA:373,85
DA:374,85
DA:378,0
DA:380,0
DA:382,0
DA:384,0
DA:386,0
DA:390,0
DA:393,0
DA:396,0
DA:398,0
DA:400,0
DA:402,0
DA:404,0
DA:406,0
DA:407,0
DA:409,0
DA:410,0
DA:412,0
DA:414,0
DA:416,0
DA:418,0
DA:420,0
DA:435,2264
DA:437,2264
DA:438,2264
DA:440,2264
DA:442,0
DA:445,2264
DA:448,0
DA:451,2264
DA:454,0
DA:457,2264
DA:458,2264
DA:460,1980
DA:463,284
DA:464,0
DA:468,284
DA:471,0
DA:473,0
DA:477,0
DA:482,284
DA:485,284
DA:488,0
DA:489,0
DA:491,0
DA:492,0
DA:493,0
DA:495,0
DA:501,284
DA:502,284
DA:504,0
DA:505,0
DA:506,0
DA:508,0
DA:510,284
DA:512,284
DA:514,284
DA:516,284
DA:517,284
DA:519,284
DA:523,1078
DA:525,1078
DA:526,1078
DA:528,0
DA:530,1078
DA:532,1078
DA:536,342
DA:538,342
DA:539,342
DA:543,342
DA:545,342
DA:546,342
DA:547,342
DA:548,342
DA:549,342
DA:550,342
DA:551,342
DA:553,342
DA:555,0
DA:559,342
DA:561,0
DA:566,342
DA:569,342
DA:572,12
DA:577,342
DA:579,0
DA:583,342
DA:584,342
DA:586,0
DA:591,2128
DA:593,1786
DA:595,26
DA:596,26
DA:599,1760
DA:601,342
DA:603,342
DA:605,342
DA:609,0
DA:611,0
DA:612,0
DA:614,0
DA:617,0
DA:619,0
DA:621,0
DA:623,0
DA:625,0
DA:627,0
DA:631,0
DA:634,0
DA:637,0
DA:641,0
DA:646,0
DA:648,0
DA:649,0
DA:650,0
DA:651,0
DA:652,0
DA:653,0
DA:654,0
DA:656,0
DA:659,0
DA:663,0
DA:666,0
DA:668,0
DA:672,0
DA:673,0
DA:674,0
DA:675,0
DA:676,0
DA:678,0
DA:681,0
DA:684,0
DA:687,0
DA:691,0
DA:693,0
DA:696,0
DA:701,0
DA:705,0
DA:706,0
DA:712,0
DA:715,0
DA:717,0
DA:720,0
DA:721,0
DA:723,0
DA:726,0
DA:727,0
DA:729,0
DA:732,0
DA:733,0
DA:738,0
DA:742,0
DA:745,0
DA:746,0
DA:749,0
DA:751,0
DA:755,0
DA:758,0
DA:760,0
DA:762,0
DA:763,0
DA:767,207
DA:769,207
DA:770,207
DA:771,207
DA:772,207
DA:775,207
DA:777,1
DA:782,206
DA:783,206
DA:784,2592
DA:787,2386
DA:789,0
DA:792,0
DA:794,0
DA:795,0
DA:797,2386
DA:799,206
DA:801,0
DA:805,206
DA:806,206
DA:807,206
DA:809,0
DA:813,206
DA:815,2592
DA:817,2386
DA:819,2386
DA:824,0
DA:825,0
DA:827,0
DA:830,0
DA:832,0
DA:833,0
DA:834,0
DA:835,0
DA:836,0
DA:837,0
DA:838,0
DA:839,0
DA:840,0
DA:841,0
DA:842,0
DA:843,0
DA:844,0
DA:845,0
DA:846,0
DA:847,0
DA:850,0
DA:851,0
DA:854,0
DA:855,0
DA:856,0
DA:859,0
DA:861,0
DA:863,0
DA:864,0
DA:866,0
DA:871,206
DA:873,206
DA:874,206
DA:876,206
DA:877,206
DA:879,206
DA:881,1
DA:882,1
DA:884,0
DA:887,1
DA:889,1
DA:892,1
DA:896,542
DA:898,542
DA:899,542
DA:900,542
DA:901,542
DA:903,542
DA:904,542
DA:906,542
DA:908,0
DA:912,542
DA:914,0
DA:915,0
DA:917,0
DA:919,0
DA:921,0
DA:925,2832
DA:927,2290
DA:929,0
DA:937,0
DA:938,0
DA:939,2290
DA:940,2290
DA:943,0
DA:945,2290
DA:948,542
DA:950,542
DA:951,542
DA:953,0
DA:957,542
DA:959,542
DA:960,542
DA:961,542
DA:962,542
DA:964,542
DA:967,0
DA:968,0
DA:970,0
DA:972,0
DA:975,0
DA:980,0
DA:981,0
DA:983,0
DA:984,0
DA:985,0
DA:986,0
DA:987,0
DA:988,0
DA:989,0
DA:990,0
DA:991,0
DA:992,0
DA:993,0
DA:994,0
DA:995,0
DA:996,0
DA:997,0
DA:998,0
DA:999,0
DA:1000,0
DA:1001,0
DA:1002,0
DA:1003,0
DA:1004,0
DA:1006,0
DA:1007,0
DA:1008,0
DA:1012,0
DA:1013,0
DA:1015,0
DA:1019,60
DA:1021,60
DA:1033,741
DA:1035,741
DA:1037,0
DA:1040,741
DA:1042,0
DA:1045,743
DA:1047,2
DA:1050,741
DA:1052,0
DA:1055,741
DA:1059,20
DA:1061,20
DA:1063,0
DA:1066,20
DA:1068,0
DA:1071,20
DA:1074,20
DA:1078,20
DA:1080,0
DA:1084,20
DA:1086,20
DA:1090,20
DA:1092,20
DA:1093,20
DA:1096,20
DA:1097,20
DA:1099,20
DA:1101,0
DA:1104,20
DA:1105,20
DA:1106,20
DA:1107,20
DA:1109,20
DA:1110,20
DA:1112,0
DA:1115,20
DA:1118,1
DA:1122,19
DA:1124,0
DA:1125,0
DA:1127,0
DA:1130,19
DA:1132,0
DA:1135,19
DA:1137,1
DA:1138,1
DA:1140,1
DA:1143,1
DA:1146,1
DA:1147,1
DA:1149,1
DA:1151,1
DA:1153,0
DA:1155,0
DA:1158,1
DA:1160,0
DA:1163,1
DA:1166,1
DA:1170,20
DA:1172,20
DA:1175,0
DA:1177,0
DA:1182,48
DA:1186,48
DA:1188,48
DA:1191,48
DA:1192,48
DA:1193,48
DA:1194,48
DA:1195,48
DA:1197,0
DA:1201,48
DA:1203,0
DA:1205,48
DA:1208,48
DA:1210,0
DA:1211,0
DA:1212,0
DA:1214,0
DA:1218,48
DA:1219,48
DA:1221,0
DA:1223,48
DA:1224,48
DA:1227,48
DA:1230,48
DA:1232,0
DA:1233,0
DA:1235,0
DA:1238,0
DA:1240,0
DA:1243,0
DA:1247,0
DA:1249,0
DA:1252,48
DA:1254,48
DA:1257,0
DA:1259,0
DA:1261,0
DA:1263,0
DA:1266,0
DA:1267,0
DA:1269,0
DA:1272,0
DA:1273,0
DA:1274,0
DA:1275,0
DA:1276,0
DA:1278,0
DA:1280,0
DA:1281,0
DA:1284,0
DA:1287,0
DA:1289,0
DA:1291,0
DA:1293,0
DA:1296,0
DA:1297,0
DA:1298,0
DA:1299,0
DA:1300,0
DA:1301,0
DA:1303,0
DA:1307,188
DA:1309,188
DA:1311,0
DA:1316,188
DA:1318,0
DA:1319,0
DA:1320,0
DA:1323,188
DA:1325,4
DA:1326,4
DA:1327,4
DA:1330,184
DA:1332,0
DA:1333,0
DA:1334,0
DA:1335,0
DA:1338,184
DA:1340,42
DA:1343,142
DA:1345,85
DA:1348,57
DA:1350,4
DA:1353,53
DA:1355,53
DA:1358,0
DA:1362,596
DA:1364,596
DA:1366,596
DA:1368,0
DA:1371,596
DA:1373,0
DA:1375,0
DA:1376,0
DA:1377,0
DA:1379,0
DA:1381,0
DA:1382,0
DA:1384,4
DA:1386,4
DA:1387,4
DA:1388,4
DA:1390,0
DA:1392,4
DA:1393,4
DA:1395,0
DA:1397,0
DA:1398,0
DA:1399,0
DA:1401,0
DA:1403,0
DA:1404,0
DA:1406,342
DA:1407,342
DA:1409,0
DA:1411,0
DA:1412,0
DA:1414,0
DA:1417,0
DA:1418,0
DA:1419,0
DA:1421,0
DA:1423,0
DA:1424,0
DA:1427,60
DA:1428,60
DA:1430,36
DA:1431,36
DA:1433,154
DA:1434,154
DA:1436,0
DA:1437,0
DA:1442,4
DA:1444,4
DA:1445,4
DA:1447,4
DA:1449,0
DA:1451,4
DA:1453,4
DA:1456,0
DA:1459,4
DA:1460,4
DA:1461,4
DA:1464,2
DA:1468,2
DA:1470,0
DA:1471,0
DA:1475,2
DA:1480,4
DA:1481,4
DA:1483,0
DA:1487,4
DA:1490,2
DA:1495,2
DA:1496,2
DA:1497,2
DA:1501,4
DA:1502,4
DA:1503,4
DA:1505,0
DA:1507,4
DA:1509,4
DA:1511,2
DA:1513,0
DA:1516,2
DA:1517,4
DA:1519,4
DA:1520,2
DA:1523,4
DA:1524,4
DA:1526,4
DA:1528,4
DA:1530,0
DA:1531,0
DA:1533,0
DA:1536,0
DA:1540,36
DA:1542,36
DA:1543,36
DA:1544,36
DA:1546,36
DA:1548,0
DA:1553,36
DA:1554,36
DA:1556,0
DA:1559,36
DA:1560,36
DA:1561,36
DA:1563,102
DA:1565,66
DA:1567,0
DA:1569,66
DA:1570,66
DA:1572,32
DA:1573,32
DA:1574,32
DA:1576,0
DA:1578,32
DA:1579,32
DA:1581,0
DA:1583,32
DA:1584,32
DA:1586,66
DA:1589,36
DA:1590,36
DA:1592,0
DA:1594,36
DA:1595,36
DA:1596,36
DA:1598,36
DA:1602,53
DA:1604,53
DA:1605,53
DA:1607,53
DA:1609,0
DA:1611,53
DA:1613,53
DA:1615,0
DA:1618,53
DA:1619,53
DA:1620,53
DA:1622,0
DA:1626,53
DA:1628,0
DA:1629,0
DA:1633,53
DA:1638,165
DA:1639,165
DA:1641,0
DA:1645,165
DA:1648,53
DA:1653,112
DA:1654,112
DA:1655,112
DA:1659,165
DA:1660,165
DA:1661,165
DA:1663,1
DA:1665,164
DA:1668,164
DA:1669,164
DA:1671,164
DA:1673,0
DA:1677,164
DA:1678,164
DA:1679,164
DA:1681,1
DA:1683,163
DA:1685,163
DA:1687,51
DA:1689,0
DA:1692,51
DA:1693,51
DA:1695,51
DA:1696,51
DA:1699,51
DA:1700,51
DA:1702,51
DA:1703,51
DA:1705,2
DA:1706,2
DA:1708,2
DA:1711,2
DA:1715,154
DA:1717,154
DA:1718,154
DA:1719,154
DA:1721,154
DA:1723,0
DA:1727,154
DA:1728,154
DA:1729,154
DA:1731,0
DA:1734,154
DA:1735,154
DA:1736,154
DA:1738,0
DA:1740,154
DA:1742,636
DA:1744,482
DA:1747,0
DA:1748,0
DA:1750,0
DA:1752,0
DA:1754,0
DA:1756,0
DA:1760,482
DA:1762,0
DA:1764,482
DA:1766,482
DA:1767,482
DA:1768,482
DA:1770,0
DA:1772,482
DA:1773,482
DA:1775,0
DA:1777,482
DA:1780,482
DA:1782,0
DA:1784,482
DA:1787,482
DA:1788,482
DA:1789,482
DA:1791,0
DA:1793,482
DA:1795,328
DA:1798,482
DA:1800,0
DA:1802,482
DA:1803,482
DA:1805,482
DA:1808,154
DA:1809,154
DA:1811,0
DA:1813,154
DA:1816,0
DA:1818,0
DA:1821,154
DA:1822,154
DA:1823,154
DA:1825,154
DA:1829,22
DA:1831,22
DA:1832,22
DA:1834,22
DA:1836,0
DA:1839,22
DA:1841,78
DA:1843,56
DA:1844,56
DA:1849,22
DA:1852,4
DA:1854,4
DA:1856,4
DA:1858,0
DA:1861,4
DA:1862,6
DA:1864,2
DA:1865,2
DA:1868,4
DA:1871,4
DA:1873,4
DA:1875,0
DA:1878,4
DA:1881,85
DA:1883,85
DA:1885,85
DA:1887,0
DA:1890,85
DA:1891,85
DA:1893,92
DA:1895,63
DA:1900,150
DA:1902,94
DA:1906,85
DA:1907,6
DA:1910,79
DA:1913,56
DA:1915,56
DA:1918,29
DA:1920,29
DA:1923,0
DA:1925,0
DA:1929,468
DA:1931,468
DA:1932,468
DA:1933,468
DA:1936,0
DA:1938,0
DA:1939,0
DA:1941,0
DA:1944,0
DA:1945,0
DA:1947,0
DA:1950,0
DA:1951,0
DA:1952,0
DA:1953,0
DA:1954,0
DA:1957,704
DA:1959,704
DA:1961,704
DA:1963,0
DA:1966,704
DA:1970,704
DA:1973,236
DA:1974,236
DA:1975,236
DA:1980,468
DA:1982,468
DA:1983,468
DA:1987,704
DA:1991,66
DA:1993,66
DA:2003,0
DA:2005,0
DA:2012,638
DA:2014,638
DA:2015,638
DA:2017,638
DA:2019,0
DA:2022,638
DA:2024,0
DA:2025,0
DA:2029,638
DA:2030,638
DA:2032,0
DA:2035,638
DA:2038,638
DA:2040,0
DA:2043,638
DA:2044,638
DA:2046,638
DA:2049,638
DA:2051,638
DA:2055,0
DA:2057,0
DA:2060,0
DA:2062,0
DA:2064,0
DA:2067,0
DA:2070,0
DA:2072,0
DA:2073,0
DA:2075,0
DA:2078,0
DA:2079,0
DA:2082,0
DA:2084,0
DA:2085,0
DA:2087,0
DA:2090,0
DA:2091,0
DA:2094,0
DA:2096,0
DA:2097,0
DA:2099,0
DA:2102,0
DA:2103,0
DA:2106,0
DA:2108,0
DA:2109,0
DA:2111,0
DA:2114,0
DA:2115,0
DA:2118,0
DA:2120,0
DA:2121,0
DA:2123,0
DA:2126,0
DA:2127,0
DA:2130,0
DA:2132,0
DA:2133,0
DA:2135,0
DA:2138,0
DA:2139,0
DA:2142,0
DA:2144,0
DA:2145,0
DA:2147,0
DA:2150,0
DA:2151,0
DA:2154,0
DA:2156,0
DA:2157,0
DA:2159,0
DA:2162,0
DA:2163,0
DA:2166,0
DA:2168,0
DA:2169,0
DA:2171,0
DA:2174,0
DA:2175,0
DA:2178,0
DA:2180,0
DA:2182,0
DA:2185,0
DA:2188,0
DA:2190,0
DA:2192,0
DA:2195,0
DA:2198,0
DA:2200,0
DA:2201,0
DA:2203,0
DA:2206,0
DA:2207,0
DA:2210,0
DA:2212,0
DA:2213,0
DA:2215,0
DA:2218,0
DA:2219,0
DA:2222,0
DA:2224,0
DA:2225,0
DA:2227,0
DA:2230,0
DA:2231,0
DA:2234,0
DA:2236,0
DA:2237,0
DA:2239,0
DA:2242,0
DA:2243,0
DA:2246,0
DA:2248,0
DA:2249,0
DA:2251,0
DA:2254,0
DA:2255,0
DA:2258,0
DA:2260,0
DA:2261,0
DA:2263,0
DA:2266,0
DA:2267,0
DA:2270,0
DA:2272,0
DA:2273,0
DA:2275,0
DA:2278,0
DA:2279,0
DA:2282,0
DA:2284,0
DA:2285,0
DA:2287,0
DA:2290,0
DA:2291,0
DA:2294,0
DA:2296,0
DA:2297,0
DA:2299,0
DA:2302,0
DA:2303,0
DA:2306,0
DA:2308,0
DA:2310,0
DA:2313,0
DA:2316,0
DA:2318,0
DA:2321,0
DA:2324,0
DA:2327,0
DA:2329,0
DA:2332,0
DA:2336,0
DA:2337,0
DA:2339,0
DA:2342,0
DA:2344,0
DA:2346,0
DA:2349,0
DA:2352,0
DA:2354,0
DA:2355,0
DA:2357,0
DA:2359,0
DA:2361,0
DA:2364,0
DA:2366,0
DA:2368,0
DA:2371,0
DA:2373,0
DA:2374,0
DA:2376,0
DA:2378,0
DA:2379,0
DA:2382,0
DA:2384,0
DA:2386,0
DA:2388,0
DA:2391,0
DA:2392,0
DA:2394,0
DA:2397,0
DA:2398,0
DA:2399,0
DA:2400,0
DA:2402,0
DA:2406,0
DA:2408,0
DA:2411,0
DA:2413,0
DA:2415,0
DA:2418,0
DA:2420,0
DA:2423,0
DA:2424,0
DA:2426,0
DA:2428,0
DA:2430,0
DA:2432,0
DA:2434,0
DA:2436,0
DA:2443,0
DA:2445,0
DA:2447,0
DA:2449,0
DA:2453,0
DA:2454,0
DA:2455,0
DA:2457,0
DA:2460,0
DA:2462,0
DA:2464,0
DA:2467,0
DA:2470,0
DA:2472,0
DA:2474,0
DA:2478,0
DA:2480,0
DA:2482,0
DA:2483,0
DA:2485,0
DA:2488,0
DA:2490,0
DA:2493,0
DA:2495,0
DA:2499,0
DA:2501,0
DA:2502,0
DA:2504,0
DA:2507,0
DA:2510,0
DA:2512,0
DA:2513,0
DA:2515,0
DA:2518,0
DA:2521,0
DA:2523,0
DA:2524,0
DA:2526,0
DA:2529,0
DA:2532,4
DA:2534,4
DA:2535,4
DA:2537,4
DA:2540,4
DA:2543,450
DA:2545,450
DA:2546,450
DA:2548,450
DA:2549,450
DA:2552,450
DA:2554,94
DA:2556,356
DA:2558,0
DA:2562,356
DA:2566,450
DA:2569,88
DA:2571,88
DA:2572,88
DA:2574,88
DA:2575,88
DA:2576,88
DA:2578,0
DA:2579,0
DA:2583,88
DA:2586,0
DA:2588,0
DA:2589,0
DA:2591,0
DA:2592,0
DA:2595,0
DA:2598,0
DA:2600,0
DA:2601,0
DA:2602,0
DA:2603,0
DA:2606,0
DA:2609,0
DA:2610,0
DA:2611,0
DA:2612,0
DA:2613,0
DA:2616,0
DA:2619,0
DA:2621,0
DA:2622,0
DA:2624,0
DA:2625,0
DA:2626,0
DA:2628,0
DA:2629,0
DA:2633,0
DA:2636,40
DA:2638,40
DA:2639,40
DA:2641,40
DA:2644,40
DA:2647,202
DA:2649,202
DA:2650,202
DA:2652,202
DA:2655,202
DA:2659,0
DA:2661,0
DA:2662,0
DA:2663,0
DA:2664,0
DA:2666,0
DA:2668,0
DA:2671,0
DA:2672,0
DA:2674,0
DA:2675,0
DA:2677,0
DA:2678,0
DA:2680,0
DA:2682,0
DA:2686,0
DA:2688,0
DA:2690,0
DA:2692,0
DA:2695,0
DA:2697,0
DA:2698,0
DA:2699,0
DA:2700,0
DA:2702,0
DA:2704,0
DA:2707,0
DA:2709,0
DA:2711,0
DA:2712,0
DA:2714,0
DA:2715,0
DA:2717,0
DA:2719,0
DA:2723,0
DA:2725,0
DA:2727,0
DA:2729,0
DA:2732,0
DA:2734,0
DA:2735,0
DA:2736,0
DA:2737,0
DA:2739,0
DA:2741,0
DA:2744,0
DA:2746,0
DA:2748,0
DA:2749,0
DA:2751,0
DA:2752,0
DA:2754,0
DA:2756,0
DA:2760,0
DA:2762,0
DA:2764,0
DA:2766,0
DA:2769,0
DA:2771,0
DA:2772,0
DA:2773,0
DA:2774,0
DA:2776,0
DA:2778,0
DA:2781,0
DA:2783,0
DA:2785,0
DA:2786,0
DA:2788,0
DA:2789,0
DA:2791,0
DA:2793,0
DA:2797,0
DA:2799,0
DA:2801,0
DA:2803,0
DA:2807,0
DA:2809,0
DA:2810,0
DA:2811,0
DA:2812,0
DA:2815,0
DA:2817,0
DA:2820,0
DA:2821,0
DA:2823,0
DA:2826,0
DA:2827,0
DA:2828,0
DA:2829,0
DA:2831,0
DA:2832,0
DA:2834,0
DA:2837,0
DA:2839,0
DA:2840,0
DA:2842,0
DA:2846,0
DA:2848,0
DA:2851,0
DA:2852,0
DA:2854,0
DA:2855,0
DA:2857,0
DA:2859,0
DA:2862,0
DA:2863,0
DA:2864,0
DA:2869,0
DA:2870,0
DA:2872,0
DA:2874,0
DA:2876,0
DA:2879,0
DA:2881,0
DA:2882,0
DA:2884,0
DA:2887,0
DA:2890,0
DA:2892,0
DA:2894,0
DA:2896,0
DA:2897,0
DA:2898,0
DA:2903,0
DA:2905,0
DA:2907,0
DA:2909,0
DA:2911,0
DA:2912,0
DA:2917,0
DA:2918,0
DA:2919,0
DA:2920,0
DA:2923,0
DA:2924,0
DA:2926,0
DA:2927,0
DA:2928,0
DA:2929,0
DA:2930,0
DA:2931,0
DA:2932,0
DA:2933,0
DA:2934,0
DA:2939,0
DA:2941,0
DA:2943,0
DA:2945,0
DA:2948,0
DA:2950,0
DA:2952,0
DA:2956,0
DA:2957,0
DA:2959,0
DA:2960,0
DA:2962,0
DA:2964,0
DA:2966,0
DA:2968,0
DA:2970,0
DA:2972,0
DA:2973,0
DA:2974,0
DA:2976,0
DA:2977,0
DA:2978,0
DA:2979,0
DA:2984,0
DA:2987,0
DA:2989,0
DA:2991,0
DA:2994,0
DA:2997,0
DA:2999,0
DA:3001,0
DA:3004,0
DA:3007,0
DA:3009,0
DA:3011,0
DA:3014,0
DA:3018,0
DA:3020,0
DA:3022,0
DA:3025,0
DA:3027,0
DA:3029,0
DA:3031,0
DA:3034,0
DA:3037,1
DA:3039,1
DA:3041,0
DA:3044,1
DA:3047,13
DA:3049,13
DA:3051,4
DA:3054,9
DA:3057,48
DA:3059,48
DA:3061,0
DA:3064,48
DA:3067,62
DA:3069,62
DA:3071,15
DA:3074,47
DA:3077,0
DA:3079,0
DA:3081,0
DA:3084,0
DA:3087,0
DA:3089,0
DA:3091,0
DA:3095,0
DA:3097,0
DA:3105,0
DA:3107,0
DA:3108,0
DA:3112,0
DA:3114,0
DA:3117,0
DA:3120,0
DA:3123,0
DA:3125,0
DA:3126,0
DA:3128,0
DA:3130,0
DA:3132,0
DA:3134,0
DA:3136,0
DA:3138,0
DA:3140,0
DA:3143,0
DA:3145,0
DA:3147,0
DA:3148,0
DA:3150,0
DA:3152,0
DA:3154,0
DA:3157,0
DA:3158,0
DA:3162,0
DA:3163,0
DA:3166,0
DA:3169,0
DA:3171,0
DA:3172,0
DA:3173,0
DA:3176,0
DA:3177,0
DA:3179,0
DA:3182,0
DA:3184,0
DA:3190,0
DA:3192,0
DA:3193,0
DA:3195,0
DA:3198,0
DA:3200,0
DA:3204,0
DA:3207,0
DA:3208,0
DA:3212,0
DA:3214,0
DA:3217,0
DA:3219,0
DA:3220,0
LF:1424
LH:544
end_of_record
TN:
SF:/__w/sdk-nrf/sdk-nrf/ncs/modules/lib/cjson/cJSON_Utils.c
FN:66,cJSONUtils_strdup
FN:83,compare_strings
FN:112,compare_double
FN:120,compare_pointers
FN:157,pointer_encoded_length
FN:173,encode_string_as_pointer
FN:198,cJSONUtils_FindPointerFromObjectTo
FN:262,get_array_item
FN:274,decode_array_index_from_pointer
FN:301,get_item_from_pointer
FN:348,cJSONUtils_GetPointer
FN:353,cJSONUtils_GetPointerCaseSensitive
FN:359,decode_pointer_inplace
FN:393,detach_item_from_array
FN:430,detach_path
FN:484,sort_list
FN:595,sort_object
FN:604,compare_json
FN:693,insert_item_in_array
FN:730,get_object_item
FN:742,decode_patch_operation
FN:784,overwrite_item
FN:807,apply_patch
FN:1036,cJSONUtils_ApplyPatches
FN:1065,cJSONUtils_ApplyPatchesCaseSensitive
FN:1094,compose_patch
FN:1134,cJSONUtils_AddPatchToArray
FN:1139,create_patches
FN:1279,cJSONUtils_GeneratePatches
FN:1294,cJSONUtils_GeneratePatchesCaseSensitive
FN:1309,cJSONUtils_SortObject
FN:1314,cJSONUtils_SortObjectCaseSensitive
FN:1319,merge_patch
FN:1379,cJSONUtils_MergePatch
FN:1384,cJSONUtils_MergePatchCaseSensitive
FN:1389,generate_merge_patch
FN:1467,cJSONUtils_GenerateMergePatch
FN:1472,cJSONUtils_GenerateMergePatchCaseSensitive
FNDA:0,compose_patch
FNDA:0,decode_array_index_from_pointer
FNDA:0,pointer_encoded_length
FNDA:0,get_object_item
FNDA:0,cJSONUtils_SortObjectCaseSensitive
FNDA:0,get_item_from_pointer
FNDA:0,cJSONUtils_GeneratePatchesCaseSensitive
FNDA:0,cJSONUtils_FindPointerFromObjectTo
FNDA:0,cJSONUtils_AddPatchToArray
FNDA:0,decode_patch_operation
FNDA:0,apply_patch
FNDA:0,cJSONUtils_GeneratePatches
FNDA:0,sort_object
FNDA:0,decode_pointer_inplace
FNDA:0,cJSONUtils_GetPointerCaseSensitive
FNDA:0,cJSONUtils_MergePatch
FNDA:0,compare_json
FNDA:0,compare_pointers
FNDA:0,cJSONUtils_GenerateMergePatch
FNDA:0,merge_patch
FNDA:0,cJSONUtils_strdup
FNDA:0,generate_merge_patch
FNDA:0,sort_list
FNDA:0,encode_string_as_pointer
FNDA:0,detach_path
FNDA:0,cJSONUtils_MergePatchCaseSensitive
FNDA:0,cJSONUtils_GenerateMergePatchCaseSensitive
FNDA:0,insert_item_in_array
FNDA:0,cJSONUtils_ApplyPatchesCaseSensitive
FNDA:0,detach_item_from_array
FNDA:0,compare_strings
FNDA:0,cJSONUtils_ApplyPatches
FNDA:0,create_patches
FNDA:0,cJSONUtils_GetPointer
FNDA:0,get_array_item
FNDA:0,compare_double
FNDA:0,overwrite_item
FNDA:0,cJSONUtils_SortObject
FNF:38
FNH:0
BRDA:73,0,0,-
BRDA:73,0,1,-
BRDA:85,0,0,-
BRDA:85,0,1,-
BRDA:85,0,2,-
BRDA:85,0,3,-
BRDA:90,0,0,-
BRDA:90,0,1,-
BRDA:95,0,0,-
BRDA:95,0,1,-
BRDA:100,0,0,-
BRDA:100,0,1,-
BRDA:102,0,0,-
BRDA:102,0,1,-
BRDA:114,0,0,-
BRDA:114,0,1,-
BRDA:122,0,0,-
BRDA:122,0,1,-
BRDA:122,0,2,-
BRDA:122,0,3,-
BRDA:127,0,0,-
BRDA:127,0,1,-
BRDA:127,0,2,-
BRDA:127,0,3,-
BRDA:127,0,4,-
BRDA:127,0,5,-
BRDA:129,0,0,-
BRDA:129,0,1,-
BRDA:132,0,0,-
BRDA:132,0,1,-
BRDA:132,0,2,-
BRDA:132,0,3,-
BRDA:132,0,4,-
BRDA:132,0,5,-
BRDA:132,0,6,-
BRDA:132,0,7,-
BRDA:142,0,0,-
BRDA:142,0,1,-
BRDA:142,0,2,-
BRDA:142,0,3,-
BRDA:142,0,4,-
BRDA:142,0,5,-
BRDA:142,0,6,-
BRDA:142,0,7,-
BRDA:147,0,0,-
BRDA:147,0,1,-
BRDA:147,0,2,-
BRDA:147,0,3,-
BRDA:147,0,4,-
BRDA:147,0,5,-
BRDA:160,0,0,-
BRDA:160,0,1,-
BRDA:163,0,0,-
BRDA:163,0,1,-
BRDA:163,0,2,-
BRDA:163,0,3,-
BRDA:175,0,0,-
BRDA:175,0,1,-
BRDA:177,0,0,-
BRDA:177,0,1,-
BRDA:183,0,0,-
BRDA:183,0,1,-
BRDA:203,0,0,-
BRDA:203,0,1,-
BRDA:203,0,2,-
BRDA:203,0,3,-
BRDA:208,0,0,-
BRDA:208,0,1,-
BRDA:215,0,0,-
BRDA:215,0,1,-
BRDA:219,0,0,-
BRDA:219,0,1,-
BRDA:221,0,0,-
BRDA:221,0,1,-
BRDA:240,0,0,-
BRDA:240,0,1,-
BRDA:264,0,0,-
BRDA:264,0,1,-
BRDA:265,0,0,-
BRDA:265,0,1,-
BRDA:265,0,2,-
BRDA:265,0,3,-
BRDA:279,0,0,-
BRDA:279,0,1,-
BRDA:279,0,2,-
BRDA:279,0,3,-
BRDA:279,0,4,-
BRDA:279,0,5,-
BRDA:285,0,0,-
BRDA:285,0,1,-
BRDA:285,0,2,-
BRDA:285,0,3,-
BRDA:291,0,0,-
BRDA:291,0,1,-
BRDA:291,0,2,-
BRDA:291,0,3,-
BRDA:305,0,0,-
BRDA:305,0,1,-
BRDA:311,0,0,-
BRDA:311,0,1,-
BRDA:311,0,2,-
BRDA:311,0,3,-
BRDA:314,0,0,-
BRDA:314,0,1,-
BRDA:317,0,0,-
BRDA:317,0,1,-
BRDA:324,0,0,-
BRDA:324,0,1,-
BRDA:328,0,0,-
BRDA:328,0,1,-
BRDA:328,0,2,-
BRDA:328,0,3,-
BRDA:339,0,0,-
BRDA:339,0,1,-
BRDA:339,0,2,-
BRDA:339,0,3,-
BRDA:363,0,0,-
BRDA:363,0,1,-
BRDA:367,0,0,-
BRDA:367,0,1,-
BRDA:369,0,0,-
BRDA:369,0,1,-
BRDA:371,0,0,-
BRDA:371,0,1,-
BRDA:375,0,0,-
BRDA:375,0,1,-
BRDA:396,0,0,-
BRDA:396,0,1,-
BRDA:396,0,2,-
BRDA:396,0,3,-
BRDA:401,0,0,-
BRDA:401,0,1,-
BRDA:406,0,0,-
BRDA:406,0,1,-
BRDA:411,0,0,-
BRDA:411,0,1,-
BRDA:415,0,0,-
BRDA:415,0,1,-
BRDA:419,0,0,-
BRDA:419,0,1,-
BRDA:439,0,0,-
BRDA:439,0,1,-
BRDA:444,0,0,-
BRDA:444,0,1,-
BRDA:455,0,0,-
BRDA:455,0,1,-
BRDA:458,0,0,-
BRDA:458,0,1,-
BRDA:464,0,0,-
BRDA:464,0,1,-
BRDA:475,0,0,-
BRDA:475,0,1,-
BRDA:492,0,0,-
BRDA:492,0,1,-
BRDA:492,0,2,-
BRDA:492,0,3,-
BRDA:498,0,0,-
BRDA:498,0,1,-
BRDA:498,0,2,-
BRDA:498,0,3,-
BRDA:498,0,4,-
BRDA:498,0,5,-
BRDA:503,0,0,-
BRDA:503,0,1,-
BRDA:503,0,2,-
BRDA:503,0,3,-
BRDA:511,0,0,-
BRDA:511,0,1,-
BRDA:517,0,0,-
BRDA:517,0,1,-
BRDA:522,0,0,-
BRDA:522,0,1,-
BRDA:522,0,2,-
BRDA:522,0,3,-
BRDA:535,0,0,-
BRDA:535,0,1,-
BRDA:535,0,2,-
BRDA:535,0,3,-
BRDA:538,0,0,-
BRDA:538,0,1,-
BRDA:547,0,0,-
BRDA:547,0,1,-
BRDA:561,0,0,-
BRDA:561,0,1,-
BRDA:571,0,0,-
BRDA:571,0,1,-
BRDA:574,0,0,-
BRDA:574,0,1,-
BRDA:581,0,0,-
BRDA:581,0,1,-
BRDA:584,0,0,-
BRDA:584,0,1,-
BRDA:597,0,0,-
BRDA:597,0,1,-
BRDA:606,0,0,-
BRDA:606,0,1,-
BRDA:606,0,2,-
BRDA:606,0,3,-
BRDA:606,0,4,-
BRDA:606,0,5,-
BRDA:611,0,0,-
BRDA:611,0,1,-
BRDA:611,0,2,-
BRDA:611,0,3,-
BRDA:611,0,4,-
BRDA:615,0,0,-
BRDA:615,0,1,-
BRDA:615,0,2,-
BRDA:615,0,3,-
BRDA:626,0,0,-
BRDA:626,0,1,-
BRDA:636,0,0,-
BRDA:636,0,1,-
BRDA:636,0,2,-
BRDA:636,0,3,-
BRDA:639,0,0,-
BRDA:639,0,1,-
BRDA:646,0,0,-
BRDA:646,0,1,-
BRDA:646,0,2,-
BRDA:646,0,3,-
BRDA:658,0,0,-
BRDA:658,0,1,-
BRDA:658,0,2,-
BRDA:658,0,3,-
BRDA:662,0,0,-
BRDA:662,0,1,-
BRDA:668,0,0,-
BRDA:668,0,1,-
BRDA:675,0,0,-
BRDA:675,0,1,-
BRDA:675,0,2,-
BRDA:675,0,3,-
BRDA:696,0,0,-
BRDA:696,0,1,-
BRDA:696,0,2,-
BRDA:696,0,3,-
BRDA:701,0,0,-
BRDA:701,0,1,-
BRDA:706,0,0,-
BRDA:706,0,1,-
BRDA:718,0,0,-
BRDA:718,0,1,-
BRDA:732,0,0,-
BRDA:732,0,1,-
BRDA:745,0,0,-
BRDA:745,0,1,-
BRDA:750,0,0,-
BRDA:750,0,1,-
BRDA:755,0,0,-
BRDA:755,0,1,-
BRDA:760,0,0,-
BRDA:760,0,1,-
BRDA:765,0,0,-
BRDA:765,0,1,-
BRDA:770,0,0,-
BRDA:770,0,1,-
BRDA:775,0,0,-
BRDA:775,0,1,-
BRDA:786,0,0,-
BRDA:786,0,1,-
BRDA:791,0,0,-
BRDA:791,0,1,-
BRDA:795,0,0,-
BRDA:795,0,1,-
BRDA:799,0,0,-
BRDA:799,0,1,-
BRDA:818,0,0,-
BRDA:818,0,1,-
BRDA:826,0,0,-
BRDA:826,0,1,-
BRDA:831,0,0,-
BRDA:831,0,1,-
BRDA:839,0,0,-
BRDA:839,0,1,-
BRDA:841,0,0,-
BRDA:841,0,1,-
BRDA:851,0,0,-
BRDA:851,0,1,-
BRDA:851,0,2,-
BRDA:851,0,3,-
BRDA:854,0,0,-
BRDA:854,0,1,-
BRDA:862,0,0,-
BRDA:862,0,1,-
BRDA:876,0,0,-
BRDA:876,0,1,-
BRDA:887,0,0,-
BRDA:887,0,1,-
BRDA:887,0,2,-
BRDA:887,0,3,-
BRDA:891,0,0,-
BRDA:891,0,1,-
BRDA:897,0,0,-
BRDA:897,0,1,-
BRDA:906,0,0,-
BRDA:906,0,1,-
BRDA:906,0,2,-
BRDA:906,0,3,-
BRDA:909,0,0,-
BRDA:909,0,1,-
BRDA:916,0,0,-
BRDA:916,0,1,-
BRDA:920,0,0,-
BRDA:920,0,1,-
BRDA:924,0,0,-
BRDA:924,0,1,-
BRDA:930,0,0,-
BRDA:930,0,1,-
BRDA:934,0,0,-
BRDA:934,0,1,-
BRDA:944,0,0,-
BRDA:944,0,1,-
BRDA:951,0,0,-
BRDA:951,0,1,-
BRDA:964,0,0,-
BRDA:964,0,1,-
BRDA:973,0,0,-
BRDA:973,0,1,-
BRDA:973,0,2,-
BRDA:973,0,3,-
BRDA:979,0,0,-
BRDA:979,0,1,-
BRDA:981,0,0,-
BRDA:981,0,1,-
BRDA:989,0,0,-
BRDA:989,0,1,-
BRDA:995,0,0,-
BRDA:995,0,1,-
BRDA:1003,0,0,-
BRDA:1003,0,1,-
BRDA:1005,0,0,-
BRDA:1005,0,1,-
BRDA:1024,0,0,-
BRDA:1024,0,1,-
BRDA:1028,0,0,-
BRDA:1028,0,1,-
BRDA:1041,0,0,-
BRDA:1041,0,1,-
BRDA:1047,0,0,-
BRDA:1047,0,1,-
BRDA:1052,0,0,-
BRDA:1052,0,1,-
BRDA:1055,0,0,-
BRDA:1055,0,1,-
BRDA:1070,0,0,-
BRDA:1070,0,1,-
BRDA:1076,0,0,-
BRDA:1076,0,1,-
BRDA:1081,0,0,-
BRDA:1081,0,1,-
BRDA:1084,0,0,-
BRDA:1084,0,1,-
BRDA:1098,0,0,-
BRDA:1098,0,1,-
BRDA:1098,0,2,-
BRDA:1098,0,3,-
BRDA:1098,0,4,-
BRDA:1098,0,5,-
BRDA:1104,0,0,-
BRDA:1104,0,1,-
BRDA:1110,0,0,-
BRDA:1110,0,1,-
BRDA:1127,0,0,-
BRDA:1127,0,1,-
BRDA:1141,0,0,-
BRDA:1141,0,1,-
BRDA:1141,0,2,-
BRDA:1141,0,3,-
BRDA:1146,0,0,-
BRDA:1146,0,1,-
BRDA:1152,0,0,-
BRDA:1152,0,1,-
BRDA:1152,0,2,-
BRDA:1152,0,3,-
BRDA:1152,0,4,-
BRDA:1155,0,0,-
BRDA:1155,0,1,-
BRDA:1155,0,2,-
BRDA:1155,0,3,-
BRDA:1162,0,0,-
BRDA:1162,0,1,-
BRDA:1176,0,0,-
BRDA:1176,0,1,-
BRDA:1176,0,2,-
BRDA:1176,0,3,-
BRDA:1191,0,0,-
BRDA:1191,0,1,-
BRDA:1205,0,0,-
BRDA:1205,0,1,-
BRDA:1223,0,0,-
BRDA:1223,0,1,-
BRDA:1223,0,2,-
BRDA:1223,0,3,-
BRDA:1226,0,0,-
BRDA:1226,0,1,-
BRDA:1230,0,0,-
BRDA:1230,0,1,-
BRDA:1239,0,0,-
BRDA:1239,0,1,-
BRDA:1256,0,0,-
BRDA:1256,0,1,-
BRDA:1283,0,0,-
BRDA:1283,0,1,-
BRDA:1283,0,2,-
BRDA:1283,0,3,-
BRDA:1298,0,0,-
BRDA:1298,0,1,-
BRDA:1298,0,2,-
BRDA:1298,0,3,-
BRDA:1323,0,0,-
BRDA:1323,0,1,-
BRDA:1330,0,0,-
BRDA:1330,0,1,-
BRDA:1337,0,0,-
BRDA:1337,0,1,-
BRDA:1339,0,0,-
BRDA:1339,0,1,-
BRDA:1342,0,0,-
BRDA:1342,0,1,-
BRDA:1356,0,0,-
BRDA:1356,0,1,-
BRDA:1366,0,0,-
BRDA:1366,0,1,-
BRDA:1394,0,0,-
BRDA:1394,0,1,-
BRDA:1399,0,0,-
BRDA:1399,0,1,-
BRDA:1399,0,2,-
BRDA:1399,0,3,-
BRDA:1410,0,0,-
BRDA:1410,0,1,-
BRDA:1410,0,2,-
BRDA:1410,0,3,-
BRDA:1413,0,0,-
BRDA:1413,0,1,-
BRDA:1415,0,0,-
BRDA:1415,0,1,-
BRDA:1429,0,0,-
BRDA:1429,0,1,-
BRDA:1436,0,0,-
BRDA:1436,0,1,-
BRDA:1446,0,0,-
BRDA:1446,0,1,-
BRDA:1457,0,0,-
BRDA:1457,0,1,-
BRF:446
BRH:0
DA:66,0
DA:68,0
DA:69,0
DA:71,0
DA:72,0
DA:73,0
DA:75,0
DA:77,0
DA:79,0
DA:83,0
DA:85,0
DA:87,0
DA:90,0
DA:92,0
DA:95,0
DA:97,0
DA:100,0
DA:102,0
DA:104,0
DA:108,0
DA:112,0
DA:114,0
DA:115,0
DA:120,0
DA:122,0
DA:124,0
DA:127,0
DA:129,0
DA:132,0
DA:135,0
DA:139,0
DA:142,0
DA:144,0
DA:147,0
DA:150,0
DA:153,0
DA:157,0
DA:160,0
DA:163,0
DA:165,0
DA:169,0
DA:173,0
DA:175,0
DA:177,0
DA:179,0
DA:180,0
DA:181,0
DA:183,0
DA:185,0
DA:186,0
DA:187,0
DA:191,0
DA:195,0
DA:196,0
DA:198,0
DA:200,0
DA:201,0
DA:203,0
DA:205,0
DA:208,0
DA:211,0
DA:215,0
DA:217,0
DA:219,0
DA:221,0
DA:224,0
DA:234,0
DA:235,0
DA:237,0
DA:240,0
DA:242,0
DA:243,0
DA:244,0
DA:245,0
DA:246,0
DA:248,0
DA:252,0
DA:253,0
DA:258,0
DA:262,0
DA:264,0
DA:265,0
DA:267,0
DA:268,0
DA:271,0
DA:274,0
DA:276,0
DA:277,0
DA:279,0
DA:282,0
DA:285,0
DA:287,0
DA:291,0
DA:293,0
DA:296,0
DA:298,0
DA:301,0
DA:303,0
DA:305,0
DA:307,0
DA:311,0
DA:313,0
DA:314,0
DA:316,0
DA:317,0
DA:319,0
DA:322,0
DA:324,0
DA:326,0
DA:328,0
DA:330,0
DA:335,0
DA:339,0
DA:341,0
DA:345,0
DA:348,0
DA:350,0
DA:353,0
DA:355,0
DA:359,0
DA:361,0
DA:363,0
DA:364,0
DA:367,0
DA:369,0
DA:371,0
DA:373,0
DA:375,0
DA:377,0
DA:382,0
DA:385,0
DA:389,0
DA:393,0
DA:395,0
DA:396,0
DA:398,0
DA:399,0
DA:401,0
DA:404,0
DA:406,0
DA:409,0
DA:411,0
DA:413,0
DA:415,0
DA:417,0
DA:419,0
DA:421,0
DA:424,0
DA:426,0
DA:430,0
DA:432,0
DA:433,0
DA:434,0
DA:435,0
DA:438,0
DA:439,0
DA:440,0
DA:443,0
DA:444,0
DA:446,0
DA:449,0
DA:450,0
DA:452,0
DA:453,0
DA:455,0
DA:457,0
DA:458,0
DA:460,0
DA:462,0
DA:464,0
DA:466,0
DA:471,0
DA:474,0
DA:475,0
DA:477,0
DA:480,0
DA:484,0
DA:486,0
DA:487,0
DA:488,0
DA:489,0
DA:490,0
DA:492,0
DA:495,0
DA:498,0
DA:501,0
DA:503,0
DA:506,0
DA:510,0
DA:511,0
DA:514,0
DA:515,0
DA:517,0
DA:519,0
DA:522,0
DA:525,0
DA:526,0
DA:530,0
DA:531,0
DA:532,0
DA:535,0
DA:537,0
DA:538,0
DA:540,0
DA:544,0
DA:547,0
DA:550,0
DA:551,0
DA:556,0
DA:557,0
DA:558,0
DA:561,0
DA:563,0
DA:567,0
DA:571,0
DA:574,0
DA:576,0
DA:578,0
DA:579,0
DA:581,0
DA:584,0
DA:586,0
DA:588,0
DA:589,0
DA:592,0
DA:595,0
DA:597,0
DA:599,0
DA:601,0
DA:604,0
DA:606,0
DA:609,0
DA:611,0
DA:613,0
DA:615,0
DA:617,0
DA:621,0
DA:624,0
DA:626,0
DA:628,0
DA:632,0
DA:635,0
DA:636,0
DA:638,0
DA:639,0
DA:641,0
DA:646,0
DA:648,0
DA:652,0
DA:655,0
DA:656,0
DA:657,0
DA:658,0
DA:660,0
DA:662,0
DA:665,0
DA:667,0
DA:668,0
DA:670,0
DA:675,0
DA:677,0
DA:681,0
DA:684,0
DA:685,0
DA:689,0
DA:693,0
DA:695,0
DA:696,0
DA:698,0
DA:699,0
DA:701,0
DA:704,0
DA:706,0
DA:708,0
DA:709,0
DA:713,0
DA:714,0
DA:715,0
DA:718,0
DA:720,0
DA:724,0
DA:727,0
DA:730,0
DA:732,0
DA:734,0
DA:737,0
DA:742,0
DA:744,0
DA:745,0
DA:747,0
DA:750,0
DA:752,0
DA:755,0
DA:757,0
DA:760,0
DA:762,0
DA:765,0
DA:767,0
DA:770,0
DA:772,0
DA:775,0
DA:777,0
DA:780,0
DA:784,0
DA:786,0
DA:788,0
DA:791,0
DA:793,0
DA:795,0
DA:797,0
DA:799,0
DA:801,0
DA:804,0
DA:807,0
DA:809,0
DA:810,0
DA:811,0
DA:812,0
DA:813,0
DA:814,0
DA:815,0
DA:817,0
DA:818,0
DA:821,0
DA:822,0
DA:825,0
DA:826,0
DA:828,0
DA:829,0
DA:831,0
DA:834,0
DA:835,0
DA:839,0
DA:841,0
DA:845,0
DA:847,0
DA:848,0
DA:851,0
DA:853,0
DA:854,0
DA:857,0
DA:858,0
DA:861,0
DA:862,0
DA:865,0
DA:866,0
DA:869,0
DA:872,0
DA:873,0
DA:876,0
DA:878,0
DA:879,0
DA:882,0
DA:883,0
DA:887,0
DA:890,0
DA:891,0
DA:893,0
DA:894,0
DA:896,0
DA:897,0
DA:900,0
DA:901,0
DA:906,0
DA:907,0
DA:908,0
DA:909,0
DA:912,0
DA:913,0
DA:916,0
DA:918,0
DA:920,0
DA:922,0
DA:924,0
DA:927,0
DA:928,0
DA:930,0
DA:932,0
DA:934,0
DA:937,0
DA:938,0
DA:943,0
DA:944,0
DA:947,0
DA:948,0
DA:950,0
DA:951,0
DA:954,0
DA:955,0
DA:962,0
DA:963,0
DA:964,0
DA:966,0
DA:967,0
DA:969,0
DA:970,0
DA:973,0
DA:976,0
DA:977,0
DA:979,0
DA:981,0
DA:983,0
DA:984,0
DA:988,0
DA:989,0
DA:991,0
DA:992,0
DA:995,0
DA:997,0
DA:998,0
DA:1000,0
DA:1003,0
DA:1005,0
DA:1007,0
DA:1011,0
DA:1013,0
DA:1014,0
DA:1019,0
DA:1020,0
DA:1023,0
DA:1024,0
DA:1026,0
DA:1028,0
DA:1030,0
DA:1033,0
DA:1036,0
DA:1038,0
DA:1039,0
DA:1041,0
DA:1044,0
DA:1047,0
DA:1049,0
DA:1052,0
DA:1054,0
DA:1055,0
DA:1057,0
DA:1059,0
DA:1062,0
DA:1065,0
DA:1067,0
DA:1068,0
DA:1070,0
DA:1073,0
DA:1076,0
DA:1078,0
DA:1081,0
DA:1083,0
DA:1084,0
DA:1086,0
DA:1088,0
DA:1091,0
DA:1094,0
DA:1096,0
DA:1098,0
DA:1100,0
DA:1103,0
DA:1104,0
DA:1106,0
DA:1108,0
DA:1110,0
DA:1112,0
DA:1116,0
DA:1117,0
DA:1118,0
DA:1120,0
DA:1121,0
DA:1123,0
DA:1124,0
DA:1127,0
DA:1129,0
DA:1131,0
DA:1134,0
DA:1136,0
DA:1137,0
DA:1139,0
DA:1141,0
DA:1143,0
DA:1146,0
DA:1148,0
DA:1149,0
DA:1152,0
DA:1154,0
DA:1155,0
DA:1157,0
DA:1159,0
DA:1161,0
DA:1162,0
DA:1164,0
DA:1166,0
DA:1168,0
DA:1170,0
DA:1171,0
DA:1172,0
DA:1173,0
DA:1176,0
DA:1186,0
DA:1187,0
DA:1191,0
DA:1201,0
DA:1202,0
DA:1205,0
DA:1207,0
DA:1209,0
DA:1210,0
DA:1213,0
DA:1215,0
DA:1216,0
DA:1217,0
DA:1218,0
DA:1220,0
DA:1221,0
DA:1223,0
DA:1226,0
DA:1228,0
DA:1230,0
DA:1232,0
DA:1236,0
DA:1239,0
DA:1242,0
DA:1243,0
DA:1244,0
DA:1246,0
DA:1247,0
DA:1250,0
DA:1251,0
DA:1253,0
DA:1254,0
DA:1256,0
DA:1259,0
DA:1261,0
DA:1266,0
DA:1268,0
DA:1271,0
DA:1274,0
DA:1275,0
DA:1279,0
DA:1281,0
DA:1283,0
DA:1285,0
DA:1288,0
DA:1289,0
DA:1291,0
DA:1294,0
DA:1296,0
DA:1298,0
DA:1300,0
DA:1303,0
DA:1304,0
DA:1306,0
DA:1309,0
DA:1311,0
DA:1312,0
DA:1314,0
DA:1316,0
DA:1317,0
DA:1319,0
DA:1321,0
DA:1323,0
DA:1326,0
DA:1327,0
DA:1330,0
DA:1332,0
DA:1333,0
DA:1336,0
DA:1337,0
DA:1339,0
DA:1342,0
DA:1344,0
DA:1348,0
DA:1353,0
DA:1354,0
DA:1356,0
DA:1358,0
DA:1362,0
DA:1365,0
DA:1366,0
DA:1368,0
DA:1369,0
DA:1372,0
DA:1374,0
DA:1376,0
DA:1379,0
DA:1381,0
DA:1384,0
DA:1386,0
DA:1389,0
DA:1391,0
DA:1392,0
DA:1393,0
DA:1394,0
DA:1397,0
DA:1399,0
DA:1401,0
DA:1404,0
DA:1405,0
DA:1407,0
DA:1408,0
DA:1409,0
DA:1410,0
DA:1413,0
DA:1415,0
DA:1417,0
DA:1421,0
DA:1426,0
DA:1429,0
DA:1432,0
DA:1434,0
DA:1436,0
DA:1439,0
DA:1441,0
DA:1446,0
DA:1449,0
DA:1453,0
DA:1454,0
DA:1457,0
DA:1460,0
DA:1461,0
DA:1464,0
DA:1467,0
DA:1469,0
DA:1472,0
DA:1474,0
LF:622
LH:0
end_of_record
TN:
SF:/__w/sdk-nrf/sdk-nrf/ncs/nrf/applications/asset_tracker_v2/src/cloud/cloud_codec/json_common.c
FN:19,op_code_handle
FN:57,json_common_modem_static_data_add
FN:138,json_common_modem_dynamic_data_add
FN:274,json_common_sensor_data_add
FN:352,json_common_gnss_data_add
FN:457,json_common_accel_data_add
FN:526,json_common_ui_data_add
FN:577,json_common_neighbor_cells_data_add
FN:729,json_common_agps_request_data_add
FN:859,json_common_pgps_request_data_add
FN:895,json_common_battery_data_add
FN:946,json_common_config_add
FN:1043,json_common_config_get
FN:1102,json_common_batch_data_add
FNDA:18,json_common_sensor_data_add
FNDA:14,json_common_modem_static_data_add
FNDA:6,json_common_config_add
FNDA:4,json_common_pgps_request_data_add
FNDA:16,json_common_accel_data_add
FNDA:4,json_common_neighbor_cells_data_add
FNDA:14,json_common_battery_data_add
FNDA:14,json_common_modem_dynamic_data_add
FNDA:16,json_common_gnss_data_add
FNDA:2,json_common_config_get
FNDA:14,json_common_ui_data_add
FNDA:18,json_common_batch_data_add
FNDA:100,op_code_handle
FNDA:4,json_common_agps_request_data_add
FNF:14
FNH:14
BRDA:22,0,0,46
BRDA:22,0,1,54
BRDA:22,0,2,0
BRDA:22,0,3,0
BRDA:24,0,0,0
BRDA:24,0,1,46
BRDA:25,0,0,-
BRDA:25,0,1,-
BRDA:31,0,0,14
BRDA:31,0,1,40
BRDA:32,0,0,0
BRDA:32,0,1,14
BRDA:36,0,0,14
BRDA:36,0,1,26
BRDA:37,0,0,0
BRDA:37,0,1,14
BRDA:43,0,0,-
BRDA:43,0,1,-
BRDA:44,0,0,-
BRDA:44,0,1,-
BRDA:50,0,0,-
BRDA:50,0,1,-
BRDA:65,0,0,2
BRDA:65,0,1,12
BRDA:70,0,0,0
BRDA:70,0,1,12
BRDA:71,0,0,-
BRDA:71,0,1,-
BRDA:78,0,0,12
BRDA:78,0,1,0
BRDA:78,0,2,0
BRDA:78,0,3,12
BRDA:84,0,0,0
BRDA:84,0,1,12
BRDA:85,0,0,-
BRDA:85,0,1,-
BRDA:90,0,0,0
BRDA:90,0,1,12
BRDA:91,0,0,-
BRDA:91,0,1,-
BRDA:96,0,0,0
BRDA:96,0,1,12
BRDA:97,0,0,-
BRDA:97,0,1,-
BRDA:102,0,0,0
BRDA:102,0,1,12
BRDA:103,0,0,-
BRDA:103,0,1,-
BRDA:108,0,0,0
BRDA:108,0,1,12
BRDA:109,0,0,-
BRDA:109,0,1,-
BRDA:116,0,0,0
BRDA:116,0,1,12
BRDA:117,0,0,-
BRDA:117,0,1,-
BRDA:123,0,0,4
BRDA:123,0,1,8
BRDA:149,0,0,2
BRDA:149,0,1,12
BRDA:154,0,0,0
BRDA:154,0,1,12
BRDA:155,0,0,-
BRDA:155,0,1,-
BRDA:162,0,0,12
BRDA:162,0,1,0
BRDA:162,0,2,0
BRDA:162,0,3,12
BRDA:167,0,0,12
BRDA:167,0,1,0
BRDA:169,0,0,0
BRDA:169,0,1,12
BRDA:170,0,0,-
BRDA:170,0,1,-
BRDA:176,0,0,12
BRDA:176,0,1,0
BRDA:178,0,0,8
BRDA:178,0,1,4
BRDA:179,0,0,8
BRDA:179,0,1,0
BRDA:180,0,0,0
BRDA:180,0,1,12
BRDA:181,0,0,-
BRDA:181,0,1,-
BRDA:187,0,0,12
BRDA:187,0,1,0
BRDA:189,0,0,0
BRDA:189,0,1,12
BRDA:190,0,0,-
BRDA:190,0,1,-
BRDA:196,0,0,12
BRDA:196,0,1,0
BRDA:198,0,0,0
BRDA:198,0,1,12
BRDA:199,0,0,-
BRDA:199,0,1,-
BRDA:205,0,0,12
BRDA:205,0,1,0
BRDA:210,0,0,12
BRDA:210,0,1,0
BRDA:210,0,2,0
BRDA:210,0,3,12
BRDA:211,0,0,-
BRDA:211,0,1,-
BRDA:217,0,0,0
BRDA:217,0,1,12
BRDA:218,0,0,-
BRDA:218,0,1,-
BRDA:224,0,0,12
BRDA:224,0,1,0
BRDA:226,0,0,0
BRDA:226,0,1,12
BRDA:227,0,0,-
BRDA:227,0,1,-
BRDA:233,0,0,12
BRDA:233,0,1,0
BRDA:235,0,0,0
BRDA:235,0,1,12
BRDA:236,0,0,-
BRDA:236,0,1,-
BRDA:242,0,0,0
BRDA:242,0,1,12
BRDA:245,0,0,-
BRDA:245,0,1,-
BRDA:252,0,0,0
BRDA:252,0,1,12
BRDA:253,0,0,-
BRDA:253,0,1,-
BRDA:259,0,0,4
BRDA:259,0,1,8
BRDA:282,0,0,2
BRDA:282,0,1,16
BRDA:287,0,0,0
BRDA:287,0,1,16
BRDA:288,0,0,-
BRDA:288,0,1,-
BRDA:295,0,0,16
BRDA:295,0,1,0
BRDA:295,0,2,0
BRDA:295,0,3,16
BRDA:301,0,0,0
BRDA:301,0,1,16
BRDA:302,0,0,-
BRDA:302,0,1,-
BRDA:307,0,0,0
BRDA:307,0,1,16
BRDA:308,0,0,-
BRDA:308,0,1,-
BRDA:313,0,0,0
BRDA:313,0,1,16
BRDA:314,0,0,-
BRDA:314,0,1,-
BRDA:319,0,0,14
BRDA:319,0,1,2
BRDA:321,0,0,0
BRDA:321,0,1,14
BRDA:322,0,0,-
BRDA:322,0,1,-
BRDA:330,0,0,0
BRDA:330,0,1,16
BRDA:331,0,0,-
BRDA:331,0,1,-
BRDA:337,0,0,4
BRDA:337,0,1,12
BRDA:360,0,0,2
BRDA:360,0,1,14
BRDA:365,0,0,0
BRDA:365,0,1,14
BRDA:366,0,0,-
BRDA:366,0,1,-
BRDA:373,0,0,14
BRDA:373,0,1,0
BRDA:373,0,2,0
BRDA:373,0,3,14
BRDA:378,0,0,14
BRDA:378,0,1,0
BRDA:378,0,2,0
BRDA:381,0,0,0
BRDA:381,0,1,14
BRDA:382,0,0,-
BRDA:382,0,1,-
BRDA:387,0,0,0
BRDA:387,0,1,14
BRDA:388,0,0,-
BRDA:388,0,1,-
BRDA:393,0,0,0
BRDA:393,0,1,14
BRDA:394,0,0,-
BRDA:394,0,1,-
BRDA:399,0,0,0
BRDA:399,0,1,14
BRDA:400,0,0,-
BRDA:400,0,1,-
BRDA:405,0,0,0
BRDA:405,0,1,14
BRDA:406,0,0,-
BRDA:406,0,1,-
BRDA:411,0,0,0
BRDA:411,0,1,14
BRDA:412,0,0,-
BRDA:412,0,1,-
BRDA:421,0,0,-
BRDA:421,0,1,-
BRDA:422,0,0,-
BRDA:422,0,1,-
BRDA:430,0,0,-
BRDA:430,0,1,-
BRDA:435,0,0,0
BRDA:435,0,1,14
BRDA:436,0,0,-
BRDA:436,0,1,-
BRDA:442,0,0,4
BRDA:442,0,1,10
BRDA:465,0,0,2
BRDA:465,0,1,14
BRDA:470,0,0,0
BRDA:470,0,1,14
BRDA:471,0,0,-
BRDA:471,0,1,-
BRDA:478,0,0,14
BRDA:478,0,1,0
BRDA:478,0,2,0
BRDA:478,0,3,14
BRDA:484,0,0,0
BRDA:484,0,1,14
BRDA:485,0,0,-
BRDA:485,0,1,-
BRDA:490,0,0,0
BRDA:490,0,1,14
BRDA:491,0,0,-
BRDA:491,0,1,-
BRDA:496,0,0,0
BRDA:496,0,1,14
BRDA:497,0,0,-
BRDA:497,0,1,-
BRDA:504,0,0,0
BRDA:504,0,1,14
BRDA:505,0,0,-
BRDA:505,0,1,-
BRDA:511,0,0,4
BRDA:511,0,1,10
BRDA:534,0,0,2
BRDA:534,0,1,12
BRDA:539,0,0,0
BRDA:539,0,1,12
BRDA:540,0,0,-
BRDA:540,0,1,-
BRDA:546,0,0,0
BRDA:546,0,1,12
BRDA:552,0,0,0
BRDA:552,0,1,12
BRDA:553,0,0,-
BRDA:553,0,1,-
BRDA:558,0,0,0
BRDA:558,0,1,12
BRDA:559,0,0,-
BRDA:559,0,1,-
BRDA:564,0,0,4
BRDA:564,0,1,8
BRDA:583,0,0,2
BRDA:583,0,1,2
BRDA:588,0,0,0
BRDA:588,0,1,2
BRDA:589,0,0,-
BRDA:589,0,1,-
BRDA:594,0,0,0
BRDA:594,0,1,2
BRDA:595,0,0,-
BRDA:595,0,1,-
BRDA:600,0,0,0
BRDA:600,0,1,2
BRDA:601,0,0,-
BRDA:601,0,1,-
BRDA:606,0,0,0
BRDA:606,0,1,2
BRDA:607,0,0,-
BRDA:607,0,1,-
BRDA:612,0,0,0
BRDA:612,0,1,2
BRDA:613,0,0,-
BRDA:613,0,1,-
BRDA:619,0,0,0
BRDA:619,0,1,2
BRDA:620,0,0,-
BRDA:620,0,1,-
BRDA:626,0,0,0
BRDA:626,0,1,2
BRDA:627,0,0,-
BRDA:627,0,1,-
BRDA:633,0,0,0
BRDA:633,0,1,2
BRDA:634,0,0,-
BRDA:634,0,1,-
BRDA:640,0,0,0
BRDA:640,0,1,2
BRDA:641,0,0,-
BRDA:641,0,1,-
BRDA:646,0,0,0
BRDA:646,0,1,2
BRDA:647,0,0,-
BRDA:647,0,1,-
BRDA:651,0,0,2
BRDA:651,0,1,0
BRDA:654,0,0,0
BRDA:654,0,1,2
BRDA:658,0,0,4
BRDA:658,0,1,2
BRDA:662,0,0,0
BRDA:662,0,1,4
BRDA:670,0,0,0
BRDA:670,0,1,4
BRDA:671,0,0,-
BRDA:671,0,1,-
BRDA:680,0,0,0
BRDA:680,0,1,4
BRDA:681,0,0,-
BRDA:681,0,1,-
BRDA:690,0,0,0
BRDA:690,0,1,4
BRDA:691,0,0,-
BRDA:691,0,1,-
BRDA:700,0,0,0
BRDA:700,0,1,4
BRDA:701,0,0,-
BRDA:701,0,1,-
BRDA:710,0,0,0
BRDA:710,0,1,4
BRDA:719,0,0,0
BRDA:719,0,1,2
BRDA:735,0,0,2
BRDA:735,0,1,2
BRDA:740,0,0,0
BRDA:740,0,1,2
BRDA:741,0,0,-
BRDA:741,0,1,-
BRDA:746,0,0,0
BRDA:746,0,1,2
BRDA:747,0,0,-
BRDA:747,0,1,-
BRDA:752,0,0,0
BRDA:752,0,1,2
BRDA:753,0,0,-
BRDA:753,0,1,-
BRDA:758,0,0,0
BRDA:758,0,1,2
BRDA:759,0,0,-
BRDA:759,0,1,-
BRDA:765,0,0,0
BRDA:765,0,1,2
BRDA:769,0,0,2
BRDA:769,0,1,0
BRDA:772,0,0,0
BRDA:772,0,1,2
BRDA:773,0,0,-
BRDA:773,0,1,-
BRDA:778,0,0,2
BRDA:778,0,1,0
BRDA:781,0,0,0
BRDA:781,0,1,2
BRDA:782,0,0,-
BRDA:782,0,1,-
BRDA:787,0,0,2
BRDA:787,0,1,0
BRDA:790,0,0,0
BRDA:790,0,1,2
BRDA:791,0,0,-
BRDA:791,0,1,-
BRDA:796,0,0,2
BRDA:796,0,1,0
BRDA:799,0,0,0
BRDA:799,0,1,2
BRDA:800,0,0,-
BRDA:800,0,1,-
BRDA:805,0,0,2
BRDA:805,0,1,0
BRDA:808,0,0,0
BRDA:808,0,1,2
BRDA:809,0,0,-
BRDA:809,0,1,-
BRDA:815,0,0,0
BRDA:815,0,1,2
BRDA:816,0,0,-
BRDA:816,0,1,-
BRDA:821,0,0,2
BRDA:821,0,1,0
BRDA:824,0,0,0
BRDA:824,0,1,2
BRDA:825,0,0,-
BRDA:825,0,1,-
BRDA:830,0,0,2
BRDA:830,0,1,0
BRDA:833,0,0,0
BRDA:833,0,1,2
BRDA:834,0,0,-
BRDA:834,0,1,-
BRDA:839,0,0,0
BRDA:839,0,1,2
BRDA:840,0,0,-
BRDA:840,0,1,-
BRDA:847,0,0,0
BRDA:847,0,1,2
BRDA:863,0,0,2
BRDA:863,0,1,2
BRDA:868,0,0,0
BRDA:868,0,1,2
BRDA:869,0,0,-
BRDA:869,0,1,-
BRDA:874,0,0,0
BRDA:874,0,1,2
BRDA:875,0,0,-
BRDA:875,0,1,-
BRDA:880,0,0,0
BRDA:880,0,1,2
BRDA:881,0,0,-
BRDA:881,0,1,-
BRDA:886,0,0,0
BRDA:886,0,1,2
BRDA:887,0,0,-
BRDA:887,0,1,-
BRDA:903,0,0,2
BRDA:903,0,1,12
BRDA:908,0,0,0
BRDA:908,0,1,12
BRDA:909,0,0,-
BRDA:909,0,1,-
BRDA:915,0,0,0
BRDA:915,0,1,12
BRDA:921,0,0,0
BRDA:921,0,1,12
BRDA:922,0,0,-
BRDA:922,0,1,-
BRDA:927,0,0,0
BRDA:927,0,1,12
BRDA:928,0,0,-
BRDA:928,0,1,-
BRDA:933,0,0,4
BRDA:933,0,1,8
BRDA:950,0,0,2
BRDA:950,0,1,4
BRDA:951,0,0,0
BRDA:951,0,1,2
BRDA:957,0,0,0
BRDA:957,0,1,4
BRDA:963,0,0,0
BRDA:963,0,1,4
BRDA:964,0,0,-
BRDA:964,0,1,-
BRDA:969,0,0,0
BRDA:969,0,1,4
BRDA:970,0,0,-
BRDA:970,0,1,-
BRDA:975,0,0,0
BRDA:975,0,1,4
BRDA:976,0,0,-
BRDA:976,0,1,-
BRDA:981,0,0,0
BRDA:981,0,1,4
BRDA:982,0,0,-
BRDA:982,0,1,-
BRDA:987,0,0,0
BRDA:987,0,1,4
BRDA:988,0,0,-
BRDA:988,0,1,-
BRDA:993,0,0,0
BRDA:993,0,1,4
BRDA:994,0,0,-
BRDA:994,0,1,-
BRDA:1000,0,0,0
BRDA:1000,0,1,4
BRDA:1008,0,0,2
BRDA:1008,0,1,2
BRDA:1011,0,0,0
BRDA:1011,0,1,2
BRDA:1020,0,0,2
BRDA:1020,0,1,2
BRDA:1023,0,0,0
BRDA:1023,0,1,2
BRDA:1053,0,0,2
[...]
DA:362,0
DA:364,0
DA:365,0
DA:368,0
DA:371,0
DA:377,0
DA:378,0
DA:379,0
DA:382,0
DA:383,0
DA:384,0
DA:385,0
DA:386,0
DA:388,0
DA:390,0
DA:392,0
DA:395,0
DA:398,0
DA:400,0
DA:404,0
DA:408,0
DA:409,0
DA:412,0
DA:415,0
DA:420,0
DA:421,0
DA:422,0
DA:423,0
DA:425,0
LF:149
LH:0
end_of_record
TN:
SF:/__w/sdk-nrf/sdk-nrf/ncs/zephyr/subsys/settings/src/settings_nvs.c
FN:34,settings_nvs_read_fn
FN:51,settings_nvs_src
FN:59,settings_nvs_dst
FN:67,settings_nvs_load
FN:131,settings_nvs_save
FN:243,settings_nvs_backend_init
FN:270,settings_backend_init
FNDA:9,settings_nvs_load
FNDA:3,settings_nvs_read_fn
FNDA:1,settings_nvs_dst
FNDA:1,settings_nvs_src
FNDA:1,settings_nvs_backend_init
FNDA:13,settings_nvs_save
FNDA:1,settings_backend_init
FNF:7
FNH:7
BRDA:42,0,0,0
BRDA:42,0,1,3
BRDA:83,0,0,9
BRDA:83,0,1,6
BRDA:95,0,0,0
BRDA:95,0,1,6
BRDA:95,0,2,0
BRDA:95,0,3,0
BRDA:99,0,0,6
BRDA:99,0,1,0
BRDA:99,0,2,0
BRDA:99,0,3,6
BRDA:105,0,0,-
BRDA:105,0,1,-
BRDA:124,0,0,0
BRDA:124,0,1,6
BRDA:140,0,0,0
BRDA:140,0,1,13
BRDA:145,0,0,9
BRDA:145,0,1,4
BRDA:145,0,2,0
BRDA:145,0,3,9
BRDA:153,0,0,6
BRDA:153,0,1,8
BRDA:159,0,0,0
BRDA:159,0,1,8
BRDA:161,0,0,-
BRDA:161,0,1,-
BRDA:169,0,0,1
BRDA:169,0,1,7
BRDA:173,0,0,2
BRDA:173,0,1,5
BRDA:173,0,2,2
BRDA:173,0,3,0
BRDA:177,0,0,0
BRDA:177,0,1,2
BRDA:185,0,0,2
BRDA:185,0,1,5
BRDA:188,0,0,2
BRDA:188,0,1,0
BRDA:193,0,0,0
BRDA:193,0,1,2
BRDA:204,0,0,2
BRDA:204,0,1,9
BRDA:209,0,0,0
BRDA:209,0,1,9
BRDA:216,0,0,0
BRDA:216,0,1,9
BRDA:221,0,0,4
BRDA:221,0,1,5
BRDA:223,0,0,0
BRDA:223,0,1,4
BRDA:229,0,0,4
BRDA:229,0,1,5
BRDA:235,0,0,0
BRDA:235,0,1,9
BRDA:249,0,0,0
BRDA:249,0,1,1
BRDA:254,0,0,0
BRDA:254,0,1,1
BRDA:260,0,0,1
BRDA:260,0,1,0
BRDA:266,0,0,1
BRDA:266,0,1,0
BRDA:281,0,0,0
BRDA:281,0,1,1
BRDA:287,0,0,0
BRDA:287,0,1,1
BRDA:289,0,0,1
BRDA:289,0,1,0
BRDA:289,0,2,0
BRDA:289,0,3,1
BRDA:296,0,0,0
BRDA:296,0,1,1
BRDA:300,0,0,5
BRDA:300,0,1,0
BRDA:302,0,0,1
BRDA:302,0,1,4
BRDA:315,0,0,0
BRDA:315,0,1,1
BRDA:321,0,0,0
BRDA:321,0,1,1
BRF:82
BRH:48
DA:34,3
DA:39,3
DA:41,3
DA:42,3
DA:46,0
DA:48,3
DA:51,1
DA:53,1
DA:54,1
DA:56,1
DA:59,1
DA:61,1
DA:62,1
DA:64,1
DA:67,9
DA:70,9
DA:71,9
DA:76,9
DA:78,9
DA:82,15
DA:83,15
DA:84,9
DA:91,6
DA:92,6
DA:95,6
DA:96,0
DA:99,6
DA:105,0
DA:106,0
DA:107,0
DA:108,0
DA:110,0
DA:111,0
DA:112,0
DA:116,6
DA:117,6
DA:118,6
DA:120,6
DA:124,6
DA:125,0
DA:128,9
DA:131,13
DA:134,13
DA:138,13
DA:140,13
DA:141,0
DA:145,13
DA:147,13
DA:148,13
DA:149,13
DA:152,14
DA:153,14
DA:154,6
DA:157,8
DA:159,8
DA:161,0
DA:162,0
DA:164,0
DA:167,8
DA:169,8
DA:170,1
DA:173,7
DA:174,2
DA:175,2
DA:176,2
DA:177,2
DA:181,0
DA:185,7
DA:186,2
DA:188,2
DA:189,2
DA:193,2
DA:194,0
DA:197,2
DA:199,5
DA:200,5
DA:201,5
DA:204,11
DA:205,2
DA:209,9
DA:210,0
DA:214,9
DA:216,9
DA:217,0
DA:221,9
DA:222,4
DA:223,4
DA:224,0
DA:229,9
DA:230,4
DA:231,4
DA:235,9
DA:236,0
DA:239,9
DA:243,1
DA:248,1
DA:249,1
DA:250,0
DA:253,1
DA:254,1
DA:255,0
DA:258,1
DA:260,1
DA:261,1
DA:263,0
DA:266,1
DA:267,1
DA:270,1
DA:274,1
DA:275,1
DA:278,1
DA:280,1
DA:281,1
DA:282,0
DA:285,1
DA:287,1
DA:288,0
DA:289,1
DA:290,0
DA:293,1
DA:296,1
DA:297,0
DA:300,5
DA:301,5
DA:302,5
DA:303,1
DA:305,4
DA:309,1
DA:310,1
DA:311,1
DA:312,1
DA:314,1
DA:315,1
DA:316,0
DA:319,1
DA:321,1
DA:322,0
DA:325,1
DA:327,1
LF:139
LH:110
end_of_record
TN:
SF:/__w/sdk-nrf/sdk-nrf/ncs/zephyr/subsys/settings/src/settings_store.c
FN:27,settings_src_register
FN:32,settings_dst_register
FN:37,settings_load
FN:42,settings_load_subtree
FN:65,settings_load_subtree_direct
FN:94,settings_save_one
FN:113,settings_delete
FN:118,settings_save
FN:161,settings_store_init
FNDA:1,settings_src_register
FNDA:13,settings_save_one
FNDA:0,settings_load_subtree_direct
FNDA:1,settings_store_init
FNDA:9,settings_load
FNDA:4,settings_delete
FNDA:0,settings_save
FNDA:1,settings_dst_register
FNDA:9,settings_load_subtree
FNF:9
FNH:7
BRDA:57,0,0,9
BRDA:57,0,1,0
BRDA:57,0,2,9
BRDA:57,0,3,0
BRDA:57,0,4,0
BRDA:57,0,5,9
BRDA:57,0,6,9
BRDA:57,0,7,9
BRDA:84,0,0,-
BRDA:84,0,1,-
BRDA:84,0,2,-
BRDA:84,0,3,-
BRDA:84,0,4,-
BRDA:84,0,5,-
BRDA:84,0,6,-
BRDA:84,0,7,-
BRDA:100,0,0,0
BRDA:100,0,1,13
BRDA:125,0,0,-
BRDA:125,0,1,-
BRDA:129,0,0,-
BRDA:129,0,1,-
BRDA:134,0,0,-
BRDA:134,0,1,-
BRDA:134,0,2,-
BRDA:134,0,3,-
BRDA:135,0,0,-
BRDA:135,0,1,-
BRDA:137,0,0,-
BRDA:137,0,1,-
BRDA:145,0,0,-
BRDA:145,0,1,-
BRDA:145,0,2,-
BRDA:145,0,3,-
BRDA:145,0,4,-
BRDA:145,0,5,-
BRDA:145,0,6,-
BRDA:145,0,7,-
BRDA:146,0,0,-
BRDA:146,0,1,-
BRDA:148,0,0,-
BRDA:148,0,1,-
BRDA:155,0,0,-
BRDA:155,0,1,-
BRF:44
BRH:6
DA:27,1
DA:29,1
DA:30,1
DA:32,1
DA:34,1
DA:35,1
DA:37,9
DA:39,9
DA:42,9
DA:46,9
DA:56,9
DA:57,18
DA:58,9
DA:60,9
DA:61,9
DA:62,9
DA:65,0
DA:72,0
DA:83,0
DA:84,0
DA:85,0
DA:87,0
DA:88,0
DA:94,13
DA:99,13
DA:100,13
DA:101,0
DA:104,13
DA:106,13
DA:108,13
DA:110,13
DA:113,4
DA:115,4
DA:118,0
DA:124,0
DA:125,0
DA:126,0
DA:129,0
DA:130,0
DA:132,0
DA:134,0
DA:135,0
DA:136,0
DA:137,0
DA:138,0
DA:145,0
DA:146,0
DA:147,0
DA:148,0
DA:149,0
DA:155,0
DA:156,0
DA:158,0
DA:161,1
DA:163,1
DA:164,1
LF:56
LH:28
end_of_record
TN:
SF:/__w/sdk-nrf/sdk-nrf/ncs/zephyr/subsys/stats/stats.c
FN:19,stats_get_name
FN:44,stats_get_off
FN:57,stats_gen_name
FN:96,stats_walk
FN:133,stats_init
FN:159,stats_group_walk
FN:175,stats_group_get_next
FN:194,stats_group_find
FN:219,stats_register
FN:259,stats_init_and_reg
FN:281,stats_reset
FNDA:0,stats_group_find
FNDA:0,stats_walk
FNDA:4,stats_init
FNDA:0,stats_group_get_next
FNDA:0,stats_get_off
FNDA:0,stats_gen_name
FNDA:0,stats_get_name
FNDA:4,stats_init_and_reg
FNDA:0,stats_group_walk
FNDA:4,stats_reset
FNDA:4,stats_register
FNF:11
FNH:4
BRDA:32,0,0,-
BRDA:32,0,1,-
BRDA:34,0,0,-
BRDA:34,0,1,-
BRDA:68,0,0,-
BRDA:68,0,1,-
BRDA:72,0,0,-
BRDA:72,0,1,-
BRDA:103,0,0,-
BRDA:103,0,1,-
BRDA:105,0,0,-
BRDA:105,0,1,-
BRDA:112,0,0,-
BRDA:112,0,1,-
BRDA:164,0,0,-
BRDA:164,0,1,-
BRDA:166,0,0,-
BRDA:166,0,1,-
BRDA:177,0,0,-
BRDA:177,0,1,-
BRDA:198,0,0,-
BRDA:198,0,1,-
BRDA:199,0,0,-
BRDA:199,0,1,-
BRDA:226,0,0,2
BRDA:226,0,1,4
BRDA:227,0,0,0
BRDA:227,0,1,2
BRDA:234,0,0,2
BRDA:234,0,1,2
BRDA:268,0,0,0
BRDA:268,0,1,4
BRF:32
BRH:6
DA:19,0
DA:31,0
DA:32,0
DA:33,0
DA:34,0
DA:35,0
DA:40,0
DA:44,0
DA:46,0
DA:57,0
DA:64,0
DA:66,0
DA:67,0
DA:68,0
DA:69,0
DA:72,0
DA:73,0
DA:74,0
DA:75,0
DA:77,0
DA:78,0
DA:96,0
DA:103,0
DA:104,0
DA:105,0
DA:107,0
DA:108,0
DA:111,0
DA:112,0
DA:113,0
DA:117,0
DA:133,4
DA:136,4
DA:137,4
DA:139,4
DA:140,4
DA:143,4
DA:144,4
DA:159,0
DA:164,0
DA:165,0
DA:166,0
DA:167,0
DA:171,0
DA:175,0
DA:177,0
DA:178,0
DA:182,0
DA:194,0
DA:198,0
DA:199,0
DA:200,0
DA:204,0
DA:219,4
DA:225,4
DA:226,6
DA:227,2
DA:228,0
DA:231,2
DA:234,4
DA:235,2
DA:237,2
DA:239,4
DA:241,4
DA:259,4
DA:265,4
DA:267,4
DA:268,4
DA:269,0
DA:272,4
DA:281,4
DA:283,4
DA:284,4
LF:73
LH:25
end_of_record
TN:
SF:/__w/sdk-nrf/sdk-nrf/ncs/zephyr/subsys/storage/flash_map/flash_map.c
FN:20,flash_area_foreach
FN:27,flash_area_open
FN:44,flash_area_close
FN:49,flash_area_read
FN:63,flash_area_write
FN:80,flash_area_erase
FN:96,flash_area_align
FN:105,flash_area_has_driver
FN:114,flash_area_get_device
FN:119,flash_area_erased_val
FNDA:0,flash_area_erased_val
FNDA:1,flash_area_close
FNDA:0,flash_area_erase
FNDA:2,flash_area_open
FNDA:0,flash_area_read
FNDA:0,flash_area_write
FNDA:0,flash_area_align
FNDA:0,flash_area_has_driver
FNDA:0,flash_area_foreach
FNDA:0,flash_area_get_device
FNF:10
FNH:2
BRDA:22,0,0,-
BRDA:22,0,1,-
BRDA:31,0,0,0
BRDA:31,0,1,2
BRDA:36,0,0,0
BRDA:36,0,1,2
BRDA:54,0,0,-
BRDA:54,0,1,-
BRDA:69,0,0,-
BRDA:69,0,1,-
BRDA:85,0,0,-
BRDA:85,0,1,-
BRDA:107,0,0,-
BRDA:107,0,1,-
BRF:14
BRH:2
DA:20,0
DA:22,0
DA:23,0
DA:25,0
DA:27,2
DA:31,2
DA:32,0
DA:35,2
DA:36,2
DA:37,0
DA:40,2
DA:41,2
DA:44,1
DA:47,1
DA:49,0
DA:54,0
DA:55,0
DA:58,0
DA:60,0
DA:63,0
DA:69,0
DA:70,0
DA:73,0
DA:75,0
DA:77,0
DA:80,0
DA:85,0
DA:86,0
DA:89,0
DA:91,0
DA:93,0
DA:96,0
DA:100,0
DA:102,0
DA:105,0
DA:107,0
DA:108,0
DA:111,0
DA:114,0
DA:116,0
DA:119,0
DA:123,0
DA:125,0
LF:43
LH:8
end_of_record
TN:
SF:/__w/sdk-nrf/sdk-nrf/ncs/zephyr/subsys/storage/flash_map/flash_map_layout.c
FN:42,should_bail
FN:67,flash_area_layout
FN:102,get_sectors_cb
FN:119,flash_area_get_sectors
FNDA:1,flash_area_layout
FNDA:254,get_sectors_cb
FNDA:1,flash_area_get_sectors
FNDA:254,should_bail
FNF:4
FNH:4
BRDA:46,0,0,252
BRDA:46,0,1,2
BRDA:49,0,0,0
BRDA:49,0,1,2
BRDA:52,0,0,1
BRDA:52,0,1,1
BRDA:74,0,0,1
BRDA:74,0,1,0
BRDA:74,0,2,0
BRDA:74,0,3,1
BRDA:89,0,0,0
BRDA:89,0,1,1
BRDA:95,0,0,0
BRDA:95,0,1,1
BRDA:108,0,0,253
BRDA:108,0,1,1
BRF:16
BRH:11
DA:42,254
DA:46,254
DA:47,252
DA:48,252
DA:49,2
DA:50,0
DA:51,0
DA:52,2
DA:53,1
DA:54,1
DA:55,1
DA:58,1
DA:67,1
DA:72,1
DA:74,1
DA:75,0
DA:78,1
DA:79,1
DA:80,1
DA:82,1
DA:83,1
DA:84,1
DA:85,1
DA:87,1
DA:88,1
DA:89,1
DA:90,0
DA:93,1
DA:95,1
DA:96,0
DA:99,1
DA:102,254
DA:104,254
DA:105,254
DA:108,254
DA:109,253
DA:112,1
DA:113,1
DA:114,1
DA:116,1
DA:119,1
DA:123,1
LF:42
LH:37
end_of_record
TN:
SF:/__w/sdk-nrf/sdk-nrf/ncs/zephyr/subsys/storage/flash_map/flash_map_priv.h
FN:21,get_flash_area_from_id
FN:33,is_in_flash_area_bounds
FNDA:0,is_in_flash_area_bounds
FNDA:2,get_flash_area_from_id
FNF:2
FNH:1
BRDA:23,0,0,10
BRDA:23,0,1,0
BRDA:24,0,0,2
BRDA:24,0,1,8
BRDA:36,0,0,-
BRDA:36,0,1,-
BRDA:36,0,2,-
BRDA:36,0,3,-
BRF:8
BRH:3
DA:21,2
DA:23,10
DA:24,10
DA:25,2
DA:29,0
DA:33,0
DA:36,0
LF:7
LH:4
end_of_record
TN:
SF:/__w/sdk-nrf/sdk-nrf/ncs/zephyr/subsys/storage/stream/stream_flash.c
FN:77,stream_flash_erase_page
FN:107,flash_sync
FN:178,stream_flash_buffered_write
FN:222,stream_flash_bytes_written
FN:232,find_flash_total_size
FN:248,stream_flash_init
FNDA:11,stream_flash_buffered_write
FNDA:5632,find_flash_total_size
FNDA:17,stream_flash_bytes_written
FNDA:415,flash_sync
FNDA:415,stream_flash_erase_page
FNDA:11,stream_flash_init
FNF:6
FNH:6
BRDA:83,0,0,0
BRDA:83,0,1,415
BRDA:84,0,0,-
BRDA:84,0,1,-
BRDA:88,0,0,400
BRDA:88,0,1,15
BRDA:92,0,0,15
BRDA:92,0,1,0
BRDA:96,0,0,0
BRDA:96,0,1,15
BRDA:97,0,0,-
BRDA:97,0,1,-
BRDA:116,0,0,0
BRDA:116,0,1,415
BRDA:124,0,0,0
BRDA:124,0,1,415
BRDA:125,0,0,-
BRDA:125,0,1,-
BRDA:132,0,0,0
BRDA:132,0,1,415
BRDA:144,0,0,0
BRDA:144,0,1,415
BRDA:145,0,0,-
BRDA:145,0,1,-
BRDA:150,0,0,0
BRDA:150,0,1,415
BRDA:154,0,0,-
BRDA:154,0,1,-
BRDA:160,0,0,-
BRDA:160,0,1,-
BRDA:161,0,0,-
BRDA:161,0,1,-
BRDA:166,0,0,-
BRDA:166,0,1,-
BRDA:167,0,0,-
BRDA:167,0,1,-
BRDA:185,0,0,0
BRDA:185,0,1,11
BRDA:189,0,0,0
BRDA:189,0,1,11
BRDA:194,0,0,413
BRDA:194,0,1,11
BRDA:201,0,0,0
BRDA:201,0,1,413
BRDA:209,0,0,4
BRDA:209,0,1,7
BRDA:215,0,0,5
BRDA:215,0,1,6
BRDA:215,0,2,2
BRDA:215,0,3,3
BRDA:237,0,0,0
BRDA:237,0,1,5632
BRDA:238,0,0,-
BRDA:238,0,1,-
BRDA:252,0,0,11
BRDA:252,0,1,0
BRDA:252,0,2,11
BRDA:252,0,3,0
BRDA:252,0,4,0
BRDA:252,0,5,11
BRDA:270,0,0,0
BRDA:270,0,1,11
BRDA:271,0,0,-
BRDA:271,0,1,-
BRDA:279,0,0,0
BRDA:279,0,1,11
BRDA:283,0,0,11
BRDA:283,0,1,0
BRDA:284,0,0,0
BRDA:284,0,1,11
BRDA:285,0,0,-
BRDA:285,0,1,-
BRDA:295,0,0,11
BRDA:295,0,1,0
BRF:74
BRH:30
DA:77,415
DA:82,415
DA:83,415
DA:84,0
DA:85,0
DA:88,415
DA:89,400
DA:92,15
DA:94,15
DA:96,15
DA:97,0
DA:99,15
DA:102,15
DA:107,415
DA:109,415
DA:110,415
DA:116,415
DA:117,0
DA:122,415
DA:123,415
DA:124,415
DA:125,0
DA:127,0
DA:131,415
DA:132,415
DA:133,0
DA:134,0
DA:136,0
DA:138,415
DA:141,415
DA:142,415
DA:144,415
DA:145,0
DA:147,0
DA:150,415
DA:154,0
DA:155,0
DA:158,0
DA:160,0
DA:161,0
DA:162,0
DA:165,0
DA:166,0
DA:167,0
DA:168,0
DA:172,415
DA:173,415
DA:175,415
DA:178,11
DA:181,11
DA:182,11
DA:185,11
DA:186,0
DA:189,11
DA:190,0
DA:193,11
DA:194,424
DA:195,413
DA:198,413
DA:199,413
DA:201,413
DA:202,0
DA:205,413
DA:209,11
DA:210,4
DA:211,4
DA:212,4
DA:215,11
DA:216,2
DA:219,11
DA:222,17
DA:224,17
DA:232,5632
DA:235,5632
DA:237,5632
DA:238,0
DA:239,0
DA:240,0
DA:243,5632
DA:245,5632
DA:248,11
DA:252,11
DA:253,0
DA:265,11
DA:270,11
DA:271,0
DA:272,0
DA:276,11
DA:279,11
DA:280,0
DA:283,11
DA:284,11
DA:285,0
DA:286,0
DA:289,11
DA:290,11
DA:291,11
DA:292,11
DA:293,11
DA:294,11
DA:295,11
DA:297,11
DA:300,11
DA:303,11
LF:104
LH:71
end_of_record
TN:
SF:/__w/sdk-nrf/sdk-nrf/ncs/zephyr/subsys/testsuite/include/tc_util.h
FN:81,TC_RESULT_TO_STR
FN:98,get_start_time_cyc
FN:109,test_time_ms
FNDA:301,get_start_time_cyc
FNDA:301,test_time_ms
FNDA:301,TC_RESULT_TO_STR
FNF:3
FNH:3
BRDA:83,0,0,295
BRDA:83,0,1,0
BRDA:83,0,2,6
BRDA:83,0,3,0
BRDA:104,0,0,301
BRDA:104,0,1,0
BRF:6
BRH:3
DA:81,301
DA:83,301
DA:84,295
DA:85,295
DA:86,0
DA:87,0
DA:88,6
DA:89,6
DA:90,0
DA:91,0
DA:98,301
DA:104,301
DA:105,301
DA:107,301
DA:109,301
DA:111,301
DA:113,301
DA:114,301
LF:18
LH:14
end_of_record
TN:
SF:/__w/sdk-nrf/sdk-nrf/ncs/zephyr/subsys/testsuite/ztest/include/ztest_assert.h
FN:47,z_zassert
FNDA:7632163,z_zassert
FNF:1
FNH:1
BRDA:53,0,0,0
BRDA:53,0,1,7632163
BRF:2
BRH:1
DA:47,7632163
DA:53,7632163
DA:56,0
DA:57,0
DA:59,0
DA:60,0
DA:61,0
DA:62,0
DA:63,0
DA:71,7632163
LF:10
LH:3
end_of_record
TN:
SF:/__w/sdk-nrf/sdk-nrf/ncs/zephyr/subsys/testsuite/ztest/include/ztest_test_deprecated.h
FN:158,unit_test_noop
FNDA:401,unit_test_noop
FNF:1
FNH:1
DA:158,401
DA:160,401
LF:2
LH:2
end_of_record
TN:
SF:/__w/sdk-nrf/sdk-nrf/ncs/zephyr/subsys/testsuite/ztest/src/ztest.c
FN:46,ztest_relative_filename
FN:60,cleanup_test
FN:110,cpu_hold
FN:146,z_impl_z_test_1cpu_start
FN:174,z_impl_z_test_1cpu_stop
FN:202,run_test_functions
FN:310,test_finalize
FN:318,ztest_test_fail
FN:324,ztest_test_pass
FN:330,ztest_test_skip
FN:336,init_testing
FN:341,test_cb
FN:353,run_test
FN:409,z_ztest_run_test_suite
FN:435,end_report
FN:448,ztest_run_registered_test_suites
FN:478,ztest_verify_all_registered_test_suites_ran
FN:495,test_main
FN:511,zephyr_app_main
FNDA:301,run_test_functions
FNDA:0,z_impl_z_test_1cpu_stop
FNDA:0,cpu_hold
FNDA:26,end_report
FNDA:26,z_ztest_run_test_suite
FNDA:26,init_testing
FNDA:301,cleanup_test
FNDA:26,zephyr_app_main
FNDA:0,ztest_test_fail
FNDA:0,ztest_run_registered_test_suites
FNDA:0,test_main
FNDA:301,test_cb
FNDA:0,ztest_verify_all_registered_test_suites_ran
FNDA:0,z_impl_z_test_1cpu_start
FNDA:301,run_test
FNDA:2,ztest_test_pass
FNDA:8,test_finalize
FNDA:6,ztest_test_skip
FNDA:0,ztest_relative_filename
FNF:19
FNH:11
BRDA:53,0,0,-
BRDA:53,0,1,-
BRDA:53,0,2,-
BRDA:53,0,3,-
BRDA:54,0,0,-
BRDA:54,0,1,-
BRDA:77,0,0,301
BRDA:77,0,1,0
BRDA:77,0,2,0
BRDA:77,0,3,301
BRDA:81,0,0,301
BRDA:81,0,1,0
BRDA:81,0,2,0
BRDA:81,0,3,301
BRDA:131,0,0,-
BRDA:131,0,1,-
BRDA:161,0,0,-
BRDA:161,0,1,-
BRDA:182,0,0,-
BRDA:182,0,1,-
BRDA:367,0,0,301
BRDA:367,0,1,0
BRDA:390,0,0,0
BRDA:390,0,1,301
BRDA:398,0,0,6
BRDA:398,0,1,295
BRDA:413,0,0,0
BRDA:413,0,1,26
BRDA:420,0,0,301
BRDA:420,0,1,26
BRDA:428,0,0,26
BRDA:428,0,1,0
BRDA:430,0,0,26
BRDA:430,0,1,0
BRDA:430,0,2,0
BRDA:430,0,3,26
BRDA:437,0,0,0
BRDA:437,0,1,26
BRDA:453,0,0,-
BRDA:453,0,1,-
BRDA:457,0,0,-
BRDA:457,0,1,-
BRDA:464,0,0,-
BRDA:464,0,1,-
BRDA:469,0,0,-
BRDA:469,0,1,-
BRDA:483,0,0,-
BRDA:483,0,1,-
BRDA:484,0,0,-
BRDA:484,0,1,-
BRDA:490,0,0,-
BRDA:490,0,1,-
BRF:52
BRH:15
DA:46,0
DA:52,0
DA:53,0
DA:54,0
DA:55,0
DA:57,0
DA:60,301
DA:62,301
DA:65,301
DA:73,301
DA:77,301
DA:78,0
DA:80,0
DA:81,301
DA:82,0
DA:84,0
DA:89,301
DA:110,0
DA:115,0
DA:116,0
DA:118,0
DA:131,0
DA:132,0
DA:140,0
DA:141,0
DA:143,0
DA:144,0
DA:146,0
DA:148,0
DA:152,0
DA:161,0
DA:162,0
DA:163,0
DA:165,0
DA:167,0
DA:168,0
DA:170,0
DA:172,0
DA:174,0
DA:176,0
DA:182,0
DA:183,0
DA:185,0
DA:202,301
DA:204,301
DA:205,301
DA:206,301
DA:207,301
DA:208,293
DA:310,8
DA:313,8
DA:314,0
DA:316,0
DA:318,0
DA:320,0
DA:321,0
DA:322,0
DA:324,2
DA:326,2
DA:327,2
DA:328,0
DA:330,6
DA:332,6
DA:333,6
DA:334,0
DA:336,26
DA:338,26
DA:339,26
DA:341,301
DA:343,301
DA:348,301
DA:349,301
DA:350,293
DA:351,293
DA:353,301
DA:355,301
DA:357,301
DA:360,301
DA:364,301
DA:365,301
DA:367,301
DA:368,301
DA:370,301
DA:371,301
DA:379,301
DA:380,301
DA:381,301
DA:384,301
DA:390,301
DA:391,0
DA:395,301
DA:398,301
DA:399,6
DA:401,295
DA:404,301
DA:409,26
DA:411,26
DA:413,26
DA:414,0
DA:417,26
DA:419,26
DA:420,327
DA:421,301
DA:422,301
DA:428,26
DA:430,26
DA:432,26
DA:435,26
DA:437,26
DA:438,0
DA:440,26
DA:442,0
DA:448,0
DA:451,0
DA:453,0
DA:454,0
DA:455,0
DA:457,0
DA:458,0
DA:461,0
DA:464,0
DA:465,0
DA:467,0
DA:468,0
DA:469,0
DA:471,0
DA:475,0
DA:478,0
DA:480,0
DA:483,0
DA:484,0
DA:485,0
DA:486,0
DA:490,0
DA:491,0
DA:493,0
DA:495,0
DA:497,0
DA:498,0
DA:499,0
DA:511,26
DA:540,2
DA:541,26
DA:542,26
DA:565,0
LF:145
LH:68
end_of_record
TN:
SF:/__w/sdk-nrf/sdk-nrf/ncs/zephyr/subsys/testsuite/ztest/src/ztest_mock.c
FN:69,sys_bitfield_find_first_clear
FN:105,free_parameter
FN:117,alloc_parameter
FN:134,z_init_mock
FN:140,find_and_delete_value
FN:160,insert_value
FN:183,z_ztest_expect_value
FN:188,z_ztest_check_expected_value
FN:213,z_ztest_expect_data
FN:218,z_ztest_check_expected_data
FN:253,z_ztest_return_data
FN:258,z_ztest_copy_return_data
FN:282,z_ztest_returns_value
FN:287,z_ztest_get_return_value
FN:304,free_param_list
FN:315,z_cleanup_mock
FNDA:136993,z_ztest_expect_data
FNDA:308771,find_and_delete_value
FNDA:26,z_ztest_return_data
FNDA:2,z_init_mock
FNDA:26,z_ztest_copy_return_data
FNDA:170159,z_ztest_check_expected_value
FNDA:3,z_ztest_get_return_value
FNDA:24,free_param_list
FNDA:307180,sys_bitfield_find_first_clear
FNDA:3,z_ztest_returns_value
FNDA:307180,alloc_parameter
FNDA:170158,z_ztest_expect_value
FNDA:307180,insert_value
FNDA:136992,z_ztest_check_expected_data
FNDA:307180,free_parameter
FNDA:12,z_cleanup_mock
FNF:16
FNH:16
BRDA:80,0,0,307180
BRDA:80,0,1,0
BRDA:82,0,0,0
BRDA:82,0,1,307180
BRDA:85,0,0,137172
BRDA:85,0,1,170008
BRDA:92,0,0,170008
BRDA:92,0,1,0
BRDA:109,0,0,0
BRDA:109,0,1,307180
BRDA:111,0,0,0
BRDA:111,0,1,307180
BRDA:124,0,0,0
BRDA:124,0,1,307180
BRDA:145,0,0,0
BRDA:145,0,1,308771
BRDA:149,0,0,307180
BRDA:149,0,1,1591
BRDA:149,0,2,0
BRDA:149,0,3,307180
BRDA:171,0,0,285061
BRDA:171,0,1,307180
BRDA:195,0,0,0
BRDA:195,0,1,170159
BRDA:203,0,0,0
BRDA:203,0,1,170159
BRDA:225,0,0,0
BRDA:225,0,1,136992
BRDA:238,0,0,4
BRDA:238,0,1,136988
BRDA:238,0,2,0
BRDA:238,0,3,4
BRDA:241,0,0,4
BRDA:241,0,1,136988
BRDA:241,0,2,0
BRDA:241,0,3,4
BRDA:245,0,0,136988
BRDA:245,0,1,4
BRDA:246,0,0,0
BRDA:246,0,1,136988
BRDA:264,0,0,0
BRDA:264,0,1,26
BRDA:271,0,0,0
BRDA:271,0,1,26
BRDA:293,0,0,0
BRDA:293,0,1,3
BRDA:308,0,0,0
BRDA:308,0,1,24
BRDA:319,0,0,0
BRDA:319,0,1,12
BRDA:325,0,0,0
BRDA:325,0,1,12
BRF:52
BRH:32
DA:69,307180
DA:72,307180
DA:80,307180
DA:81,307180
DA:82,307180
DA:84,0
DA:85,307180
DA:87,137172
DA:89,170008
DA:90,170008
DA:92,170008
DA:93,170008
DA:95,0
DA:99,0
DA:105,307180
DA:107,307180
DA:109,307180
DA:110,0
DA:111,307180
DA:114,307180
DA:117,307180
DA:122,307180
DA:124,307180
DA:125,0
DA:126,0
DA:128,307180
DA:129,307180
DA:130,307180
DA:131,307180
DA:134,2
DA:136,2
DA:140,308771
DA:145,308771
DA:146,0
DA:149,308771
DA:150,1591
DA:153,307180
DA:154,307180
DA:155,307180
DA:157,307180
DA:160,307180
DA:165,307180
DA:166,307180
DA:167,307180
DA:168,307180
DA:171,592241
DA:172,285061
DA:176,307180
DA:177,307180
DA:178,307180
DA:183,170158
DA:185,170158
DA:186,170158
DA:188,170159
DA:194,170159
DA:195,170159
DA:196,0
DA:197,0
DA:200,170159
DA:201,170159
DA:203,170159
DA:207,0
DA:209,0
DA:211,170159
DA:213,136993
DA:215,136993
DA:216,136993
DA:218,136992
DA:224,136992
DA:225,136992
DA:226,0
DA:231,0
DA:232,0
DA:235,136992
DA:236,136992
DA:238,136992
DA:239,0
DA:240,0
DA:241,136992
DA:242,0
DA:244,0
DA:245,136992
DA:246,136988
DA:247,0
DA:248,0
DA:253,26
DA:255,26
DA:256,26
DA:258,26
DA:264,26
DA:265,0
DA:266,0
DA:267,0
DA:270,26
DA:271,26
DA:272,0
DA:273,0
DA:274,0
DA:276,26
DA:277,26
DA:278,26
DA:282,3
DA:284,3
DA:285,3
DA:287,3
DA:291,3
DA:293,3
DA:294,0
DA:295,0
DA:298,3
DA:299,3
DA:301,3
DA:304,24
DA:308,24
DA:309,0
DA:310,0
DA:311,0
DA:313,24
DA:315,12
DA:317,12
DA:319,12
DA:320,0
DA:321,0
DA:322,0
DA:323,0
DA:325,12
DA:326,0
DA:327,0
DA:328,0
DA:331,12
DA:332,12
DA:334,12
DA:335,12
DA:337,12
LF:134
LH:96
end_of_record
TN:
SF:/__w/sdk-nrf/sdk-nrf/ncs/zephyr/subsys/tracing/tracing_none.c
FN:11,sys_trace_isr_enter
FN:13,sys_trace_isr_exit
FN:15,sys_trace_isr_exit_to_scheduler
FN:17,sys_trace_idle
FNDA:98,sys_trace_idle
FNDA:0,sys_trace_isr_exit_to_scheduler
FNDA:97,sys_trace_isr_enter
FNDA:97,sys_trace_isr_exit
FNF:4
FNH:3
DA:11,97
DA:13,97
DA:15,0
DA:17,98
LF:4
LH:3
end_of_record
